2026-03-12 00:34:57 | unimol_tools/models/unimolv2.py | 161 | INFO | Uni-Mol Tools | Loading pretrained weights from /home/ubuntu/miniconda3/envs/apodock/lib/python3.10/site-packages/unimol_tools/weights/modelzoo/1.1B/checkpoint.pt
2026-03-12 00:35:25 | unimol_tools/data/conformer.py | 437 | INFO | Uni-Mol Tools | Start generating conformers...
2026-03-12 00:35:27 | unimol_tools/data/conformer.py | 452 | INFO | Uni-Mol Tools | Succeeded in generating conformers for 100.00% of molecules.
2026-03-12 00:35:27 | unimol_tools/data/conformer.py | 469 | INFO | Uni-Mol Tools | Succeeded in generating 3d conformers for 100.00% of molecules.
2026-03-12 00:35:27 | unimol_tools/tasks/trainer.py | 78 | INFO | Uni-Mol Tools | Number of GPUs available: 4
2026-03-12 00:35:27 | unimol_tools/tasks/trainer.py | 98 | INFO | Uni-Mol Tools | Using single GPU.
2026-03-12 00:35:30 | unimol_tools/data/conformer.py | 437 | INFO | Uni-Mol Tools | Start generating conformers...
2026-03-12 00:35:32 | unimol_tools/data/conformer.py | 452 | INFO | Uni-Mol Tools | Succeeded in generating conformers for 100.00% of molecules.
2026-03-12 00:35:32 | unimol_tools/data/conformer.py | 469 | INFO | Uni-Mol Tools | Succeeded in generating 3d conformers for 100.00% of molecules.
2026-03-12 00:35:32 | unimol_tools/tasks/trainer.py | 78 | INFO | Uni-Mol Tools | Number of GPUs available: 4
2026-03-12 00:35:32 | unimol_tools/tasks/trainer.py | 98 | INFO | Uni-Mol Tools | Using single GPU.
2026-03-12 00:35:34 | unimol_tools/data/conformer.py | 437 | INFO | Uni-Mol Tools | Start generating conformers...
2026-03-12 00:35:37 | unimol_tools/data/conformer.py | 452 | INFO | Uni-Mol Tools | Succeeded in generating conformers for 100.00% of molecules.
2026-03-12 00:35:37 | unimol_tools/data/conformer.py | 469 | INFO | Uni-Mol Tools | Succeeded in generating 3d conformers for 100.00% of molecules.
2026-03-12 00:35:38 | unimol_tools/tasks/trainer.py | 78 | INFO | Uni-Mol Tools | Number of GPUs available: 4
2026-03-12 00:35:38 | unimol_tools/tasks/trainer.py | 98 | INFO | Uni-Mol Tools | Using single GPU.
2026-03-12 00:35:40 | unimol_tools/data/conformer.py | 437 | INFO | Uni-Mol Tools | Start generating conformers...
2026-03-12 00:35:43 | unimol_tools/data/conformer.py | 452 | INFO | Uni-Mol Tools | Succeeded in generating conformers for 100.00% of molecules.
2026-03-12 00:35:43 | unimol_tools/data/conformer.py | 469 | INFO | Uni-Mol Tools | Succeeded in generating 3d conformers for 100.00% of molecules.
2026-03-12 00:35:43 | unimol_tools/tasks/trainer.py | 78 | INFO | Uni-Mol Tools | Number of GPUs available: 4
2026-03-12 00:35:43 | unimol_tools/tasks/trainer.py | 98 | INFO | Uni-Mol Tools | Using single GPU.
2026-03-12 00:35:46 | unimol_tools/data/conformer.py | 437 | INFO | Uni-Mol Tools | Start generating conformers...
2026-03-12 00:35:48 | unimol_tools/data/conformer.py | 452 | INFO | Uni-Mol Tools | Succeeded in generating conformers for 100.00% of molecules.
2026-03-12 00:35:48 | unimol_tools/data/conformer.py | 469 | INFO | Uni-Mol Tools | Succeeded in generating 3d conformers for 100.00% of molecules.
2026-03-12 00:35:49 | unimol_tools/tasks/trainer.py | 78 | INFO | Uni-Mol Tools | Number of GPUs available: 4
2026-03-12 00:35:49 | unimol_tools/tasks/trainer.py | 98 | INFO | Uni-Mol Tools | Using single GPU.
2026-03-12 00:35:52 | unimol_tools/data/conformer.py | 437 | INFO | Uni-Mol Tools | Start generating conformers...
2026-03-12 00:35:54 | unimol_tools/data/conformer.py | 452 | INFO | Uni-Mol Tools | Succeeded in generating conformers for 100.00% of molecules.
2026-03-12 00:35:54 | unimol_tools/data/conformer.py | 469 | INFO | Uni-Mol Tools | Succeeded in generating 3d conformers for 100.00% of molecules.
2026-03-12 00:35:55 | unimol_tools/tasks/trainer.py | 78 | INFO | Uni-Mol Tools | Number of GPUs available: 4
2026-03-12 00:35:55 | unimol_tools/tasks/trainer.py | 98 | INFO | Uni-Mol Tools | Using single GPU.
2026-03-12 00:35:58 | unimol_tools/data/conformer.py | 437 | INFO | Uni-Mol Tools | Start generating conformers...
2026-03-12 00:36:00 | unimol_tools/data/conformer.py | 452 | INFO | Uni-Mol Tools | Succeeded in generating conformers for 100.00% of molecules.
2026-03-12 00:36:00 | unimol_tools/data/conformer.py | 469 | INFO | Uni-Mol Tools | Succeeded in generating 3d conformers for 100.00% of molecules.
2026-03-12 00:36:01 | unimol_tools/tasks/trainer.py | 78 | INFO | Uni-Mol Tools | Number of GPUs available: 4
2026-03-12 00:36:01 | unimol_tools/tasks/trainer.py | 98 | INFO | Uni-Mol Tools | Using single GPU.
2026-03-12 00:36:03 | unimol_tools/data/conformer.py | 437 | INFO | Uni-Mol Tools | Start generating conformers...
2026-03-12 00:36:07 | unimol_tools/data/conformer.py | 452 | INFO | Uni-Mol Tools | Succeeded in generating conformers for 100.00% of molecules.
2026-03-12 00:36:07 | unimol_tools/data/conformer.py | 469 | INFO | Uni-Mol Tools | Succeeded in generating 3d conformers for 100.00% of molecules.
2026-03-12 00:36:07 | unimol_tools/tasks/trainer.py | 78 | INFO | Uni-Mol Tools | Number of GPUs available: 4
2026-03-12 00:36:07 | unimol_tools/tasks/trainer.py | 98 | INFO | Uni-Mol Tools | Using single GPU.
2026-03-12 00:36:10 | unimol_tools/data/conformer.py | 437 | INFO | Uni-Mol Tools | Start generating conformers...
2026-03-12 00:36:12 | unimol_tools/data/conformer.py | 452 | INFO | Uni-Mol Tools | Succeeded in generating conformers for 100.00% of molecules.
2026-03-12 00:36:12 | unimol_tools/data/conformer.py | 469 | INFO | Uni-Mol Tools | Succeeded in generating 3d conformers for 100.00% of molecules.
2026-03-12 00:36:13 | unimol_tools/tasks/trainer.py | 78 | INFO | Uni-Mol Tools | Number of GPUs available: 4
2026-03-12 00:36:13 | unimol_tools/tasks/trainer.py | 98 | INFO | Uni-Mol Tools | Using single GPU.
2026-03-12 00:36:15 | unimol_tools/data/conformer.py | 437 | INFO | Uni-Mol Tools | Start generating conformers...
2026-03-12 00:36:18 | unimol_tools/data/conformer.py | 452 | INFO | Uni-Mol Tools | Succeeded in generating conformers for 100.00% of molecules.
2026-03-12 00:36:18 | unimol_tools/data/conformer.py | 469 | INFO | Uni-Mol Tools | Succeeded in generating 3d conformers for 100.00% of molecules.
2026-03-12 00:36:18 | unimol_tools/tasks/trainer.py | 78 | INFO | Uni-Mol Tools | Number of GPUs available: 4
2026-03-12 00:36:18 | unimol_tools/tasks/trainer.py | 98 | INFO | Uni-Mol Tools | Using single GPU.
2026-03-12 00:36:21 | unimol_tools/data/conformer.py | 437 | INFO | Uni-Mol Tools | Start generating conformers...
2026-03-12 00:36:23 | unimol_tools/data/conformer.py | 452 | INFO | Uni-Mol Tools | Succeeded in generating conformers for 100.00% of molecules.
2026-03-12 00:36:23 | unimol_tools/data/conformer.py | 469 | INFO | Uni-Mol Tools | Succeeded in generating 3d conformers for 100.00% of molecules.
2026-03-12 00:36:24 | unimol_tools/tasks/trainer.py | 78 | INFO | Uni-Mol Tools | Number of GPUs available: 4
2026-03-12 00:36:24 | unimol_tools/tasks/trainer.py | 98 | INFO | Uni-Mol Tools | Using single GPU.
2026-03-12 00:36:25 | unimol_tools/data/conformer.py | 437 | INFO | Uni-Mol Tools | Start generating conformers...
2026-03-12 00:36:28 | unimol_tools/data/conformer.py | 452 | INFO | Uni-Mol Tools | Succeeded in generating conformers for 100.00% of molecules.
2026-03-12 00:36:28 | unimol_tools/data/conformer.py | 469 | INFO | Uni-Mol Tools | Succeeded in generating 3d conformers for 100.00% of molecules.
2026-03-12 00:36:28 | unimol_tools/tasks/trainer.py | 78 | INFO | Uni-Mol Tools | Number of GPUs available: 4
2026-03-12 00:36:28 | unimol_tools/tasks/trainer.py | 98 | INFO | Uni-Mol Tools | Using single GPU.
2026-03-12 00:36:30 | unimol_tools/data/conformer.py | 437 | INFO | Uni-Mol Tools | Start generating conformers...
2026-03-12 00:36:33 | unimol_tools/data/conformer.py | 452 | INFO | Uni-Mol Tools | Succeeded in generating conformers for 100.00% of molecules.
2026-03-12 00:36:33 | unimol_tools/data/conformer.py | 469 | INFO | Uni-Mol Tools | Succeeded in generating 3d conformers for 100.00% of molecules.
2026-03-12 00:36:33 | unimol_tools/tasks/trainer.py | 78 | INFO | Uni-Mol Tools | Number of GPUs available: 4
2026-03-12 00:36:33 | unimol_tools/tasks/trainer.py | 98 | INFO | Uni-Mol Tools | Using single GPU.
2026-03-12 00:36:36 | unimol_tools/data/conformer.py | 437 | INFO | Uni-Mol Tools | Start generating conformers...
2026-03-12 00:36:39 | unimol_tools/data/conformer.py | 452 | INFO | Uni-Mol Tools | Succeeded in generating conformers for 100.00% of molecules.
2026-03-12 00:36:39 | unimol_tools/data/conformer.py | 469 | INFO | Uni-Mol Tools | Succeeded in generating 3d conformers for 100.00% of molecules.
2026-03-12 00:36:39 | unimol_tools/tasks/trainer.py | 78 | INFO | Uni-Mol Tools | Number of GPUs available: 4
2026-03-12 00:36:39 | unimol_tools/tasks/trainer.py | 98 | INFO | Uni-Mol Tools | Using single GPU.
2026-03-12 00:36:42 | unimol_tools/data/conformer.py | 437 | INFO | Uni-Mol Tools | Start generating conformers...
2026-03-12 00:36:44 | unimol_tools/data/conformer.py | 452 | INFO | Uni-Mol Tools | Succeeded in generating conformers for 100.00% of molecules.
2026-03-12 00:36:44 | unimol_tools/data/conformer.py | 469 | INFO | Uni-Mol Tools | Succeeded in generating 3d conformers for 100.00% of molecules.
2026-03-12 00:36:44 | unimol_tools/tasks/trainer.py | 78 | INFO | Uni-Mol Tools | Number of GPUs available: 4
2026-03-12 00:36:44 | unimol_tools/tasks/trainer.py | 98 | INFO | Uni-Mol Tools | Using single GPU.
2026-03-12 00:36:47 | unimol_tools/data/conformer.py | 437 | INFO | Uni-Mol Tools | Start generating conformers...
2026-03-12 00:36:50 | unimol_tools/data/conformer.py | 452 | INFO | Uni-Mol Tools | Succeeded in generating conformers for 100.00% of molecules.
2026-03-12 00:36:50 | unimol_tools/data/conformer.py | 469 | INFO | Uni-Mol Tools | Succeeded in generating 3d conformers for 100.00% of molecules.
2026-03-12 00:36:50 | unimol_tools/tasks/trainer.py | 78 | INFO | Uni-Mol Tools | Number of GPUs available: 4
2026-03-12 00:36:50 | unimol_tools/tasks/trainer.py | 98 | INFO | Uni-Mol Tools | Using single GPU.
2026-03-12 00:36:53 | unimol_tools/data/conformer.py | 437 | INFO | Uni-Mol Tools | Start generating conformers...
2026-03-12 00:36:56 | unimol_tools/data/conformer.py | 452 | INFO | Uni-Mol Tools | Succeeded in generating conformers for 100.00% of molecules.
2026-03-12 00:36:56 | unimol_tools/data/conformer.py | 469 | INFO | Uni-Mol Tools | Succeeded in generating 3d conformers for 100.00% of molecules.
2026-03-12 00:36:56 | unimol_tools/tasks/trainer.py | 78 | INFO | Uni-Mol Tools | Number of GPUs available: 4
2026-03-12 00:36:56 | unimol_tools/tasks/trainer.py | 98 | INFO | Uni-Mol Tools | Using single GPU.
2026-03-12 00:36:59 | unimol_tools/data/conformer.py | 437 | INFO | Uni-Mol Tools | Start generating conformers...
2026-03-12 00:37:03 | unimol_tools/data/conformer.py | 452 | INFO | Uni-Mol Tools | Succeeded in generating conformers for 100.00% of molecules.
2026-03-12 00:37:03 | unimol_tools/data/conformer.py | 469 | INFO | Uni-Mol Tools | Succeeded in generating 3d conformers for 100.00% of molecules.
2026-03-12 00:37:03 | unimol_tools/tasks/trainer.py | 78 | INFO | Uni-Mol Tools | Number of GPUs available: 4
2026-03-12 00:37:03 | unimol_tools/tasks/trainer.py | 98 | INFO | Uni-Mol Tools | Using single GPU.
2026-03-12 00:37:06 | unimol_tools/data/conformer.py | 437 | INFO | Uni-Mol Tools | Start generating conformers...
2026-03-12 00:37:09 | unimol_tools/data/conformer.py | 452 | INFO | Uni-Mol Tools | Succeeded in generating conformers for 100.00% of molecules.
2026-03-12 00:37:09 | unimol_tools/data/conformer.py | 469 | INFO | Uni-Mol Tools | Succeeded in generating 3d conformers for 100.00% of molecules.
2026-03-12 00:37:09 | unimol_tools/tasks/trainer.py | 78 | INFO | Uni-Mol Tools | Number of GPUs available: 4
2026-03-12 00:37:09 | unimol_tools/tasks/trainer.py | 98 | INFO | Uni-Mol Tools | Using single GPU.
2026-03-12 00:37:11 | unimol_tools/data/conformer.py | 437 | INFO | Uni-Mol Tools | Start generating conformers...
2026-03-12 00:37:15 | unimol_tools/data/conformer.py | 452 | INFO | Uni-Mol Tools | Succeeded in generating conformers for 100.00% of molecules.
2026-03-12 00:37:15 | unimol_tools/data/conformer.py | 469 | INFO | Uni-Mol Tools | Succeeded in generating 3d conformers for 100.00% of molecules.
2026-03-12 00:37:15 | unimol_tools/tasks/trainer.py | 78 | INFO | Uni-Mol Tools | Number of GPUs available: 4
2026-03-12 00:37:15 | unimol_tools/tasks/trainer.py | 98 | INFO | Uni-Mol Tools | Using single GPU.
2026-03-12 00:37:18 | unimol_tools/data/conformer.py | 437 | INFO | Uni-Mol Tools | Start generating conformers...
2026-03-12 00:37:20 | unimol_tools/data/conformer.py | 452 | INFO | Uni-Mol Tools | Succeeded in generating conformers for 100.00% of molecules.
2026-03-12 00:37:20 | unimol_tools/data/conformer.py | 469 | INFO | Uni-Mol Tools | Succeeded in generating 3d conformers for 100.00% of molecules.
2026-03-12 00:37:20 | unimol_tools/tasks/trainer.py | 78 | INFO | Uni-Mol Tools | Number of GPUs available: 4
2026-03-12 00:37:20 | unimol_tools/tasks/trainer.py | 98 | INFO | Uni-Mol Tools | Using single GPU.
2026-03-12 00:37:22 | unimol_tools/data/conformer.py | 437 | INFO | Uni-Mol Tools | Start generating conformers...
2026-03-12 00:37:24 | unimol_tools/data/conformer.py | 452 | INFO | Uni-Mol Tools | Succeeded in generating conformers for 100.00% of molecules.
2026-03-12 00:37:24 | unimol_tools/data/conformer.py | 469 | INFO | Uni-Mol Tools | Succeeded in generating 3d conformers for 100.00% of molecules.
2026-03-12 00:37:25 | unimol_tools/tasks/trainer.py | 78 | INFO | Uni-Mol Tools | Number of GPUs available: 4
2026-03-12 00:37:25 | unimol_tools/tasks/trainer.py | 98 | INFO | Uni-Mol Tools | Using single GPU.
2026-03-12 00:37:27 | unimol_tools/data/conformer.py | 437 | INFO | Uni-Mol Tools | Start generating conformers...
2026-03-12 00:37:29 | unimol_tools/data/conformer.py | 452 | INFO | Uni-Mol Tools | Succeeded in generating conformers for 100.00% of molecules.
2026-03-12 00:37:29 | unimol_tools/data/conformer.py | 469 | INFO | Uni-Mol Tools | Succeeded in generating 3d conformers for 100.00% of molecules.
2026-03-12 00:37:30 | unimol_tools/tasks/trainer.py | 78 | INFO | Uni-Mol Tools | Number of GPUs available: 4
2026-03-12 00:37:30 | unimol_tools/tasks/trainer.py | 98 | INFO | Uni-Mol Tools | Using single GPU.
2026-03-12 00:37:32 | unimol_tools/data/conformer.py | 437 | INFO | Uni-Mol Tools | Start generating conformers...
2026-03-12 00:37:35 | unimol_tools/data/conformer.py | 452 | INFO | Uni-Mol Tools | Succeeded in generating conformers for 100.00% of molecules.
2026-03-12 00:37:35 | unimol_tools/data/conformer.py | 469 | INFO | Uni-Mol Tools | Succeeded in generating 3d conformers for 100.00% of molecules.
2026-03-12 00:37:35 | unimol_tools/tasks/trainer.py | 78 | INFO | Uni-Mol Tools | Number of GPUs available: 4
2026-03-12 00:37:35 | unimol_tools/tasks/trainer.py | 98 | INFO | Uni-Mol Tools | Using single GPU.
2026-03-12 00:37:37 | unimol_tools/data/conformer.py | 437 | INFO | Uni-Mol Tools | Start generating conformers...
2026-03-12 00:37:40 | unimol_tools/data/conformer.py | 452 | INFO | Uni-Mol Tools | Succeeded in generating conformers for 100.00% of molecules.
2026-03-12 00:37:40 | unimol_tools/data/conformer.py | 469 | INFO | Uni-Mol Tools | Succeeded in generating 3d conformers for 100.00% of molecules.
2026-03-12 00:37:40 | unimol_tools/tasks/trainer.py | 78 | INFO | Uni-Mol Tools | Number of GPUs available: 4
2026-03-12 00:37:40 | unimol_tools/tasks/trainer.py | 98 | INFO | Uni-Mol Tools | Using single GPU.
2026-03-12 00:37:43 | unimol_tools/data/conformer.py | 437 | INFO | Uni-Mol Tools | Start generating conformers...
2026-03-12 00:37:45 | unimol_tools/data/conformer.py | 452 | INFO | Uni-Mol Tools | Succeeded in generating conformers for 100.00% of molecules.
2026-03-12 00:37:45 | unimol_tools/data/conformer.py | 469 | INFO | Uni-Mol Tools | Succeeded in generating 3d conformers for 100.00% of molecules.
2026-03-12 00:37:46 | unimol_tools/tasks/trainer.py | 78 | INFO | Uni-Mol Tools | Number of GPUs available: 4
2026-03-12 00:37:46 | unimol_tools/tasks/trainer.py | 98 | INFO | Uni-Mol Tools | Using single GPU.
2026-03-12 00:37:49 | unimol_tools/data/conformer.py | 437 | INFO | Uni-Mol Tools | Start generating conformers...
2026-03-12 00:37:52 | unimol_tools/data/conformer.py | 452 | INFO | Uni-Mol Tools | Succeeded in generating conformers for 100.00% of molecules.
2026-03-12 00:37:52 | unimol_tools/data/conformer.py | 469 | INFO | Uni-Mol Tools | Succeeded in generating 3d conformers for 100.00% of molecules.
2026-03-12 00:37:52 | unimol_tools/tasks/trainer.py | 78 | INFO | Uni-Mol Tools | Number of GPUs available: 4
2026-03-12 00:37:52 | unimol_tools/tasks/trainer.py | 98 | INFO | Uni-Mol Tools | Using single GPU.
2026-03-12 00:37:55 | unimol_tools/data/conformer.py | 437 | INFO | Uni-Mol Tools | Start generating conformers...
2026-03-12 00:37:58 | unimol_tools/data/conformer.py | 452 | INFO | Uni-Mol Tools | Succeeded in generating conformers for 100.00% of molecules.
2026-03-12 00:37:58 | unimol_tools/data/conformer.py | 469 | INFO | Uni-Mol Tools | Succeeded in generating 3d conformers for 100.00% of molecules.
2026-03-12 00:37:59 | unimol_tools/tasks/trainer.py | 78 | INFO | Uni-Mol Tools | Number of GPUs available: 4
2026-03-12 00:37:59 | unimol_tools/tasks/trainer.py | 98 | INFO | Uni-Mol Tools | Using single GPU.
2026-03-12 00:38:01 | unimol_tools/data/conformer.py | 437 | INFO | Uni-Mol Tools | Start generating conformers...
2026-03-12 00:38:04 | unimol_tools/data/conformer.py | 452 | INFO | Uni-Mol Tools | Succeeded in generating conformers for 100.00% of molecules.
2026-03-12 00:38:04 | unimol_tools/data/conformer.py | 469 | INFO | Uni-Mol Tools | Succeeded in generating 3d conformers for 100.00% of molecules.
2026-03-12 00:38:05 | unimol_tools/tasks/trainer.py | 78 | INFO | Uni-Mol Tools | Number of GPUs available: 4
2026-03-12 00:38:05 | unimol_tools/tasks/trainer.py | 98 | INFO | Uni-Mol Tools | Using single GPU.
2026-03-12 00:38:07 | unimol_tools/data/conformer.py | 437 | INFO | Uni-Mol Tools | Start generating conformers...
2026-03-12 00:38:10 | unimol_tools/data/conformer.py | 452 | INFO | Uni-Mol Tools | Succeeded in generating conformers for 100.00% of molecules.
2026-03-12 00:38:10 | unimol_tools/data/conformer.py | 469 | INFO | Uni-Mol Tools | Succeeded in generating 3d conformers for 100.00% of molecules.
2026-03-12 00:38:10 | unimol_tools/tasks/trainer.py | 78 | INFO | Uni-Mol Tools | Number of GPUs available: 4
2026-03-12 00:38:10 | unimol_tools/tasks/trainer.py | 98 | INFO | Uni-Mol Tools | Using single GPU.
2026-03-12 00:38:13 | unimol_tools/data/conformer.py | 437 | INFO | Uni-Mol Tools | Start generating conformers...
2026-03-12 00:38:15 | unimol_tools/data/conformer.py | 452 | INFO | Uni-Mol Tools | Succeeded in generating conformers for 100.00% of molecules.
2026-03-12 00:38:15 | unimol_tools/data/conformer.py | 469 | INFO | Uni-Mol Tools | Succeeded in generating 3d conformers for 100.00% of molecules.
2026-03-12 00:38:16 | unimol_tools/tasks/trainer.py | 78 | INFO | Uni-Mol Tools | Number of GPUs available: 4
2026-03-12 00:38:16 | unimol_tools/tasks/trainer.py | 98 | INFO | Uni-Mol Tools | Using single GPU.
2026-03-12 00:38:17 | unimol_tools/data/conformer.py | 437 | INFO | Uni-Mol Tools | Start generating conformers...
2026-03-12 00:38:20 | unimol_tools/data/conformer.py | 452 | INFO | Uni-Mol Tools | Succeeded in generating conformers for 100.00% of molecules.
2026-03-12 00:38:20 | unimol_tools/data/conformer.py | 469 | INFO | Uni-Mol Tools | Succeeded in generating 3d conformers for 100.00% of molecules.
2026-03-12 00:38:20 | unimol_tools/tasks/trainer.py | 78 | INFO | Uni-Mol Tools | Number of GPUs available: 4
2026-03-12 00:38:20 | unimol_tools/tasks/trainer.py | 98 | INFO | Uni-Mol Tools | Using single GPU.
2026-03-12 00:38:22 | unimol_tools/data/conformer.py | 437 | INFO | Uni-Mol Tools | Start generating conformers...
2026-03-12 00:38:25 | unimol_tools/data/conformer.py | 452 | INFO | Uni-Mol Tools | Succeeded in generating conformers for 100.00% of molecules.
2026-03-12 00:38:25 | unimol_tools/data/conformer.py | 469 | INFO | Uni-Mol Tools | Succeeded in generating 3d conformers for 100.00% of molecules.
2026-03-12 00:38:26 | unimol_tools/tasks/trainer.py | 78 | INFO | Uni-Mol Tools | Number of GPUs available: 4
2026-03-12 00:38:26 | unimol_tools/tasks/trainer.py | 98 | INFO | Uni-Mol Tools | Using single GPU.
2026-03-12 00:38:28 | unimol_tools/data/conformer.py | 437 | INFO | Uni-Mol Tools | Start generating conformers...
2026-03-12 00:38:31 | unimol_tools/data/conformer.py | 452 | INFO | Uni-Mol Tools | Succeeded in generating conformers for 100.00% of molecules.
2026-03-12 00:38:31 | unimol_tools/data/conformer.py | 469 | INFO | Uni-Mol Tools | Succeeded in generating 3d conformers for 100.00% of molecules.
2026-03-12 00:38:31 | unimol_tools/tasks/trainer.py | 78 | INFO | Uni-Mol Tools | Number of GPUs available: 4
2026-03-12 00:38:31 | unimol_tools/tasks/trainer.py | 98 | INFO | Uni-Mol Tools | Using single GPU.
2026-03-12 00:38:34 | unimol_tools/data/conformer.py | 437 | INFO | Uni-Mol Tools | Start generating conformers...
2026-03-12 00:38:36 | unimol_tools/data/conformer.py | 452 | INFO | Uni-Mol Tools | Succeeded in generating conformers for 100.00% of molecules.
2026-03-12 00:38:36 | unimol_tools/data/conformer.py | 469 | INFO | Uni-Mol Tools | Succeeded in generating 3d conformers for 100.00% of molecules.
2026-03-12 00:38:36 | unimol_tools/tasks/trainer.py | 78 | INFO | Uni-Mol Tools | Number of GPUs available: 4
2026-03-12 00:38:36 | unimol_tools/tasks/trainer.py | 98 | INFO | Uni-Mol Tools | Using single GPU.
2026-03-12 00:38:39 | unimol_tools/data/conformer.py | 437 | INFO | Uni-Mol Tools | Start generating conformers...
2026-03-12 00:38:42 | unimol_tools/data/conformer.py | 452 | INFO | Uni-Mol Tools | Succeeded in generating conformers for 100.00% of molecules.
2026-03-12 00:38:42 | unimol_tools/data/conformer.py | 469 | INFO | Uni-Mol Tools | Succeeded in generating 3d conformers for 100.00% of molecules.
2026-03-12 00:38:42 | unimol_tools/tasks/trainer.py | 78 | INFO | Uni-Mol Tools | Number of GPUs available: 4
2026-03-12 00:38:42 | unimol_tools/tasks/trainer.py | 98 | INFO | Uni-Mol Tools | Using single GPU.
2026-03-12 00:38:45 | unimol_tools/data/conformer.py | 437 | INFO | Uni-Mol Tools | Start generating conformers...
2026-03-12 00:38:48 | unimol_tools/data/conformer.py | 452 | INFO | Uni-Mol Tools | Succeeded in generating conformers for 100.00% of molecules.
2026-03-12 00:38:48 | unimol_tools/data/conformer.py | 469 | INFO | Uni-Mol Tools | Succeeded in generating 3d conformers for 100.00% of molecules.
2026-03-12 00:38:48 | unimol_tools/tasks/trainer.py | 78 | INFO | Uni-Mol Tools | Number of GPUs available: 4
2026-03-12 00:38:48 | unimol_tools/tasks/trainer.py | 98 | INFO | Uni-Mol Tools | Using single GPU.
2026-03-12 00:38:51 | unimol_tools/data/conformer.py | 437 | INFO | Uni-Mol Tools | Start generating conformers...
2026-03-12 00:38:54 | unimol_tools/data/conformer.py | 452 | INFO | Uni-Mol Tools | Succeeded in generating conformers for 100.00% of molecules.
2026-03-12 00:38:54 | unimol_tools/data/conformer.py | 469 | INFO | Uni-Mol Tools | Succeeded in generating 3d conformers for 100.00% of molecules.
2026-03-12 00:38:54 | unimol_tools/tasks/trainer.py | 78 | INFO | Uni-Mol Tools | Number of GPUs available: 4
2026-03-12 00:38:54 | unimol_tools/tasks/trainer.py | 98 | INFO | Uni-Mol Tools | Using single GPU.
2026-03-12 00:38:57 | unimol_tools/data/conformer.py | 437 | INFO | Uni-Mol Tools | Start generating conformers...
2026-03-12 00:39:00 | unimol_tools/data/conformer.py | 452 | INFO | Uni-Mol Tools | Succeeded in generating conformers for 100.00% of molecules.
2026-03-12 00:39:00 | unimol_tools/data/conformer.py | 469 | INFO | Uni-Mol Tools | Succeeded in generating 3d conformers for 100.00% of molecules.
2026-03-12 00:39:00 | unimol_tools/tasks/trainer.py | 78 | INFO | Uni-Mol Tools | Number of GPUs available: 4
2026-03-12 00:39:00 | unimol_tools/tasks/trainer.py | 98 | INFO | Uni-Mol Tools | Using single GPU.
2026-03-12 00:39:02 | unimol_tools/data/conformer.py | 437 | INFO | Uni-Mol Tools | Start generating conformers...
2026-03-12 00:39:05 | unimol_tools/data/conformer.py | 452 | INFO | Uni-Mol Tools | Succeeded in generating conformers for 100.00% of molecules.
2026-03-12 00:39:05 | unimol_tools/data/conformer.py | 469 | INFO | Uni-Mol Tools | Succeeded in generating 3d conformers for 100.00% of molecules.
2026-03-12 00:39:06 | unimol_tools/tasks/trainer.py | 78 | INFO | Uni-Mol Tools | Number of GPUs available: 4
2026-03-12 00:39:06 | unimol_tools/tasks/trainer.py | 98 | INFO | Uni-Mol Tools | Using single GPU.
