2026-03-12 00:24:53 | unimol_tools/models/unimolv2.py | 161 | INFO | Uni-Mol Tools | Loading pretrained weights from /home/ubuntu/miniconda3/envs/apodock/lib/python3.10/site-packages/unimol_tools/weights/modelzoo/1.1B/checkpoint.pt
2026-03-12 00:25:23 | unimol_tools/data/conformer.py | 437 | INFO | Uni-Mol Tools | Start generating conformers...
2026-03-12 00:25:25 | unimol_tools/data/conformer.py | 452 | INFO | Uni-Mol Tools | Succeeded in generating conformers for 100.00% of molecules.
2026-03-12 00:25:25 | unimol_tools/data/conformer.py | 469 | INFO | Uni-Mol Tools | Succeeded in generating 3d conformers for 100.00% of molecules.
2026-03-12 00:25:26 | unimol_tools/tasks/trainer.py | 78 | INFO | Uni-Mol Tools | Number of GPUs available: 4
2026-03-12 00:25:26 | unimol_tools/tasks/trainer.py | 98 | INFO | Uni-Mol Tools | Using single GPU.
2026-03-12 00:25:29 | unimol_tools/data/conformer.py | 437 | INFO | Uni-Mol Tools | Start generating conformers...
2026-03-12 00:25:32 | unimol_tools/data/conformer.py | 452 | INFO | Uni-Mol Tools | Succeeded in generating conformers for 100.00% of molecules.
2026-03-12 00:25:32 | unimol_tools/data/conformer.py | 469 | INFO | Uni-Mol Tools | Succeeded in generating 3d conformers for 100.00% of molecules.
2026-03-12 00:25:32 | unimol_tools/tasks/trainer.py | 78 | INFO | Uni-Mol Tools | Number of GPUs available: 4
2026-03-12 00:25:32 | unimol_tools/tasks/trainer.py | 98 | INFO | Uni-Mol Tools | Using single GPU.
2026-03-12 00:25:34 | unimol_tools/data/conformer.py | 437 | INFO | Uni-Mol Tools | Start generating conformers...
2026-03-12 00:25:38 | unimol_tools/data/conformer.py | 452 | INFO | Uni-Mol Tools | Succeeded in generating conformers for 100.00% of molecules.
2026-03-12 00:25:38 | unimol_tools/data/conformer.py | 469 | INFO | Uni-Mol Tools | Succeeded in generating 3d conformers for 100.00% of molecules.
2026-03-12 00:25:38 | unimol_tools/tasks/trainer.py | 78 | INFO | Uni-Mol Tools | Number of GPUs available: 4
2026-03-12 00:25:38 | unimol_tools/tasks/trainer.py | 98 | INFO | Uni-Mol Tools | Using single GPU.
2026-03-12 00:25:41 | unimol_tools/data/conformer.py | 437 | INFO | Uni-Mol Tools | Start generating conformers...
2026-03-12 00:25:44 | unimol_tools/data/conformer.py | 452 | INFO | Uni-Mol Tools | Succeeded in generating conformers for 100.00% of molecules.
2026-03-12 00:25:44 | unimol_tools/data/conformer.py | 469 | INFO | Uni-Mol Tools | Succeeded in generating 3d conformers for 100.00% of molecules.
2026-03-12 00:25:45 | unimol_tools/tasks/trainer.py | 78 | INFO | Uni-Mol Tools | Number of GPUs available: 4
2026-03-12 00:25:45 | unimol_tools/tasks/trainer.py | 98 | INFO | Uni-Mol Tools | Using single GPU.
2026-03-12 00:25:48 | unimol_tools/data/conformer.py | 437 | INFO | Uni-Mol Tools | Start generating conformers...
2026-03-12 00:25:51 | unimol_tools/data/conformer.py | 452 | INFO | Uni-Mol Tools | Succeeded in generating conformers for 100.00% of molecules.
2026-03-12 00:25:51 | unimol_tools/data/conformer.py | 469 | INFO | Uni-Mol Tools | Succeeded in generating 3d conformers for 100.00% of molecules.
2026-03-12 00:25:51 | unimol_tools/tasks/trainer.py | 78 | INFO | Uni-Mol Tools | Number of GPUs available: 4
2026-03-12 00:25:51 | unimol_tools/tasks/trainer.py | 98 | INFO | Uni-Mol Tools | Using single GPU.
2026-03-12 00:25:55 | unimol_tools/data/conformer.py | 437 | INFO | Uni-Mol Tools | Start generating conformers...
2026-03-12 00:25:58 | unimol_tools/data/conformer.py | 452 | INFO | Uni-Mol Tools | Succeeded in generating conformers for 100.00% of molecules.
2026-03-12 00:25:58 | unimol_tools/data/conformer.py | 469 | INFO | Uni-Mol Tools | Succeeded in generating 3d conformers for 100.00% of molecules.
2026-03-12 00:25:58 | unimol_tools/tasks/trainer.py | 78 | INFO | Uni-Mol Tools | Number of GPUs available: 4
2026-03-12 00:25:58 | unimol_tools/tasks/trainer.py | 98 | INFO | Uni-Mol Tools | Using single GPU.
2026-03-12 00:26:02 | unimol_tools/data/conformer.py | 437 | INFO | Uni-Mol Tools | Start generating conformers...
2026-03-12 00:26:05 | unimol_tools/data/conformer.py | 452 | INFO | Uni-Mol Tools | Succeeded in generating conformers for 100.00% of molecules.
2026-03-12 00:26:05 | unimol_tools/data/conformer.py | 469 | INFO | Uni-Mol Tools | Succeeded in generating 3d conformers for 100.00% of molecules.
2026-03-12 00:26:06 | unimol_tools/tasks/trainer.py | 78 | INFO | Uni-Mol Tools | Number of GPUs available: 4
2026-03-12 00:26:06 | unimol_tools/tasks/trainer.py | 98 | INFO | Uni-Mol Tools | Using single GPU.
2026-03-12 00:26:09 | unimol_tools/data/conformer.py | 437 | INFO | Uni-Mol Tools | Start generating conformers...
2026-03-12 00:26:13 | unimol_tools/data/conformer.py | 452 | INFO | Uni-Mol Tools | Succeeded in generating conformers for 100.00% of molecules.
2026-03-12 00:26:13 | unimol_tools/data/conformer.py | 469 | INFO | Uni-Mol Tools | Succeeded in generating 3d conformers for 100.00% of molecules.
2026-03-12 00:26:13 | unimol_tools/tasks/trainer.py | 78 | INFO | Uni-Mol Tools | Number of GPUs available: 4
2026-03-12 00:26:13 | unimol_tools/tasks/trainer.py | 98 | INFO | Uni-Mol Tools | Using single GPU.
2026-03-12 00:26:16 | unimol_tools/data/conformer.py | 437 | INFO | Uni-Mol Tools | Start generating conformers...
2026-03-12 00:26:20 | unimol_tools/data/conformer.py | 452 | INFO | Uni-Mol Tools | Succeeded in generating conformers for 100.00% of molecules.
2026-03-12 00:26:20 | unimol_tools/data/conformer.py | 469 | INFO | Uni-Mol Tools | Succeeded in generating 3d conformers for 100.00% of molecules.
2026-03-12 00:26:20 | unimol_tools/tasks/trainer.py | 78 | INFO | Uni-Mol Tools | Number of GPUs available: 4
2026-03-12 00:26:20 | unimol_tools/tasks/trainer.py | 98 | INFO | Uni-Mol Tools | Using single GPU.
2026-03-12 00:26:23 | unimol_tools/data/conformer.py | 437 | INFO | Uni-Mol Tools | Start generating conformers...
2026-03-12 00:26:26 | unimol_tools/data/conformer.py | 452 | INFO | Uni-Mol Tools | Succeeded in generating conformers for 100.00% of molecules.
2026-03-12 00:26:26 | unimol_tools/data/conformer.py | 469 | INFO | Uni-Mol Tools | Succeeded in generating 3d conformers for 100.00% of molecules.
2026-03-12 00:26:27 | unimol_tools/tasks/trainer.py | 78 | INFO | Uni-Mol Tools | Number of GPUs available: 4
2026-03-12 00:26:27 | unimol_tools/tasks/trainer.py | 98 | INFO | Uni-Mol Tools | Using single GPU.
2026-03-12 00:26:29 | unimol_tools/data/conformer.py | 437 | INFO | Uni-Mol Tools | Start generating conformers...
2026-03-12 00:26:32 | unimol_tools/data/conformer.py | 452 | INFO | Uni-Mol Tools | Succeeded in generating conformers for 100.00% of molecules.
2026-03-12 00:26:32 | unimol_tools/data/conformer.py | 469 | INFO | Uni-Mol Tools | Succeeded in generating 3d conformers for 100.00% of molecules.
2026-03-12 00:26:32 | unimol_tools/tasks/trainer.py | 78 | INFO | Uni-Mol Tools | Number of GPUs available: 4
2026-03-12 00:26:32 | unimol_tools/tasks/trainer.py | 98 | INFO | Uni-Mol Tools | Using single GPU.
2026-03-12 00:26:34 | unimol_tools/data/conformer.py | 437 | INFO | Uni-Mol Tools | Start generating conformers...
2026-03-12 00:26:38 | unimol_tools/data/conformer.py | 452 | INFO | Uni-Mol Tools | Succeeded in generating conformers for 100.00% of molecules.
2026-03-12 00:26:38 | unimol_tools/data/conformer.py | 469 | INFO | Uni-Mol Tools | Succeeded in generating 3d conformers for 100.00% of molecules.
2026-03-12 00:26:38 | unimol_tools/tasks/trainer.py | 78 | INFO | Uni-Mol Tools | Number of GPUs available: 4
2026-03-12 00:26:38 | unimol_tools/tasks/trainer.py | 98 | INFO | Uni-Mol Tools | Using single GPU.
2026-03-12 00:26:40 | unimol_tools/data/conformer.py | 437 | INFO | Uni-Mol Tools | Start generating conformers...
2026-03-12 00:26:43 | unimol_tools/data/conformer.py | 452 | INFO | Uni-Mol Tools | Succeeded in generating conformers for 100.00% of molecules.
2026-03-12 00:26:43 | unimol_tools/data/conformer.py | 469 | INFO | Uni-Mol Tools | Succeeded in generating 3d conformers for 100.00% of molecules.
2026-03-12 00:26:44 | unimol_tools/tasks/trainer.py | 78 | INFO | Uni-Mol Tools | Number of GPUs available: 4
2026-03-12 00:26:44 | unimol_tools/tasks/trainer.py | 98 | INFO | Uni-Mol Tools | Using single GPU.
2026-03-12 00:26:46 | unimol_tools/data/conformer.py | 437 | INFO | Uni-Mol Tools | Start generating conformers...
2026-03-12 00:26:49 | unimol_tools/data/conformer.py | 452 | INFO | Uni-Mol Tools | Succeeded in generating conformers for 100.00% of molecules.
2026-03-12 00:26:49 | unimol_tools/data/conformer.py | 469 | INFO | Uni-Mol Tools | Succeeded in generating 3d conformers for 100.00% of molecules.
2026-03-12 00:26:50 | unimol_tools/tasks/trainer.py | 78 | INFO | Uni-Mol Tools | Number of GPUs available: 4
2026-03-12 00:26:50 | unimol_tools/tasks/trainer.py | 98 | INFO | Uni-Mol Tools | Using single GPU.
2026-03-12 00:26:52 | unimol_tools/data/conformer.py | 437 | INFO | Uni-Mol Tools | Start generating conformers...
2026-03-12 00:26:55 | unimol_tools/data/conformer.py | 452 | INFO | Uni-Mol Tools | Succeeded in generating conformers for 100.00% of molecules.
2026-03-12 00:26:55 | unimol_tools/data/conformer.py | 469 | INFO | Uni-Mol Tools | Succeeded in generating 3d conformers for 100.00% of molecules.
2026-03-12 00:26:56 | unimol_tools/tasks/trainer.py | 78 | INFO | Uni-Mol Tools | Number of GPUs available: 4
2026-03-12 00:26:56 | unimol_tools/tasks/trainer.py | 98 | INFO | Uni-Mol Tools | Using single GPU.
2026-03-12 00:26:59 | unimol_tools/data/conformer.py | 437 | INFO | Uni-Mol Tools | Start generating conformers...
2026-03-12 00:27:02 | unimol_tools/data/conformer.py | 452 | INFO | Uni-Mol Tools | Succeeded in generating conformers for 100.00% of molecules.
2026-03-12 00:27:02 | unimol_tools/data/conformer.py | 469 | INFO | Uni-Mol Tools | Succeeded in generating 3d conformers for 100.00% of molecules.
2026-03-12 00:27:03 | unimol_tools/tasks/trainer.py | 78 | INFO | Uni-Mol Tools | Number of GPUs available: 4
2026-03-12 00:27:03 | unimol_tools/tasks/trainer.py | 98 | INFO | Uni-Mol Tools | Using single GPU.
2026-03-12 00:27:06 | unimol_tools/data/conformer.py | 437 | INFO | Uni-Mol Tools | Start generating conformers...
2026-03-12 00:27:10 | unimol_tools/data/conformer.py | 452 | INFO | Uni-Mol Tools | Succeeded in generating conformers for 100.00% of molecules.
2026-03-12 00:27:10 | unimol_tools/data/conformer.py | 469 | INFO | Uni-Mol Tools | Succeeded in generating 3d conformers for 100.00% of molecules.
2026-03-12 00:27:10 | unimol_tools/tasks/trainer.py | 78 | INFO | Uni-Mol Tools | Number of GPUs available: 4
2026-03-12 00:27:10 | unimol_tools/tasks/trainer.py | 98 | INFO | Uni-Mol Tools | Using single GPU.
2026-03-12 00:27:13 | unimol_tools/data/conformer.py | 437 | INFO | Uni-Mol Tools | Start generating conformers...
2026-03-12 00:27:17 | unimol_tools/data/conformer.py | 452 | INFO | Uni-Mol Tools | Succeeded in generating conformers for 100.00% of molecules.
2026-03-12 00:27:17 | unimol_tools/data/conformer.py | 469 | INFO | Uni-Mol Tools | Succeeded in generating 3d conformers for 100.00% of molecules.
2026-03-12 00:27:18 | unimol_tools/tasks/trainer.py | 78 | INFO | Uni-Mol Tools | Number of GPUs available: 4
2026-03-12 00:27:18 | unimol_tools/tasks/trainer.py | 98 | INFO | Uni-Mol Tools | Using single GPU.
2026-03-12 00:27:21 | unimol_tools/data/conformer.py | 437 | INFO | Uni-Mol Tools | Start generating conformers...
2026-03-12 00:27:25 | unimol_tools/data/conformer.py | 452 | INFO | Uni-Mol Tools | Succeeded in generating conformers for 100.00% of molecules.
2026-03-12 00:27:25 | unimol_tools/data/conformer.py | 469 | INFO | Uni-Mol Tools | Succeeded in generating 3d conformers for 100.00% of molecules.
2026-03-12 00:27:25 | unimol_tools/tasks/trainer.py | 78 | INFO | Uni-Mol Tools | Number of GPUs available: 4
2026-03-12 00:27:25 | unimol_tools/tasks/trainer.py | 98 | INFO | Uni-Mol Tools | Using single GPU.
2026-03-12 00:27:28 | unimol_tools/data/conformer.py | 437 | INFO | Uni-Mol Tools | Start generating conformers...
2026-03-12 00:27:31 | unimol_tools/data/conformer.py | 452 | INFO | Uni-Mol Tools | Succeeded in generating conformers for 100.00% of molecules.
2026-03-12 00:27:31 | unimol_tools/data/conformer.py | 469 | INFO | Uni-Mol Tools | Succeeded in generating 3d conformers for 100.00% of molecules.
2026-03-12 00:27:32 | unimol_tools/tasks/trainer.py | 78 | INFO | Uni-Mol Tools | Number of GPUs available: 4
2026-03-12 00:27:32 | unimol_tools/tasks/trainer.py | 98 | INFO | Uni-Mol Tools | Using single GPU.
2026-03-12 00:27:35 | unimol_tools/data/conformer.py | 437 | INFO | Uni-Mol Tools | Start generating conformers...
2026-03-12 00:27:37 | unimol_tools/data/conformer.py | 452 | INFO | Uni-Mol Tools | Succeeded in generating conformers for 100.00% of molecules.
2026-03-12 00:27:37 | unimol_tools/data/conformer.py | 469 | INFO | Uni-Mol Tools | Succeeded in generating 3d conformers for 100.00% of molecules.
2026-03-12 00:27:38 | unimol_tools/tasks/trainer.py | 78 | INFO | Uni-Mol Tools | Number of GPUs available: 4
2026-03-12 00:27:38 | unimol_tools/tasks/trainer.py | 98 | INFO | Uni-Mol Tools | Using single GPU.
2026-03-12 00:27:39 | unimol_tools/data/conformer.py | 437 | INFO | Uni-Mol Tools | Start generating conformers...
2026-03-12 00:27:42 | unimol_tools/data/conformer.py | 452 | INFO | Uni-Mol Tools | Succeeded in generating conformers for 100.00% of molecules.
2026-03-12 00:27:42 | unimol_tools/data/conformer.py | 469 | INFO | Uni-Mol Tools | Succeeded in generating 3d conformers for 100.00% of molecules.
2026-03-12 00:27:43 | unimol_tools/tasks/trainer.py | 78 | INFO | Uni-Mol Tools | Number of GPUs available: 4
2026-03-12 00:27:43 | unimol_tools/tasks/trainer.py | 98 | INFO | Uni-Mol Tools | Using single GPU.
2026-03-12 00:27:44 | unimol_tools/data/conformer.py | 437 | INFO | Uni-Mol Tools | Start generating conformers...
2026-03-12 00:27:48 | unimol_tools/data/conformer.py | 452 | INFO | Uni-Mol Tools | Succeeded in generating conformers for 100.00% of molecules.
2026-03-12 00:27:48 | unimol_tools/data/conformer.py | 469 | INFO | Uni-Mol Tools | Succeeded in generating 3d conformers for 100.00% of molecules.
2026-03-12 00:27:48 | unimol_tools/tasks/trainer.py | 78 | INFO | Uni-Mol Tools | Number of GPUs available: 4
2026-03-12 00:27:48 | unimol_tools/tasks/trainer.py | 98 | INFO | Uni-Mol Tools | Using single GPU.
2026-03-12 00:27:50 | unimol_tools/data/conformer.py | 437 | INFO | Uni-Mol Tools | Start generating conformers...
2026-03-12 00:27:54 | unimol_tools/data/conformer.py | 452 | INFO | Uni-Mol Tools | Succeeded in generating conformers for 100.00% of molecules.
2026-03-12 00:27:54 | unimol_tools/data/conformer.py | 469 | INFO | Uni-Mol Tools | Succeeded in generating 3d conformers for 100.00% of molecules.
2026-03-12 00:27:54 | unimol_tools/tasks/trainer.py | 78 | INFO | Uni-Mol Tools | Number of GPUs available: 4
2026-03-12 00:27:54 | unimol_tools/tasks/trainer.py | 98 | INFO | Uni-Mol Tools | Using single GPU.
2026-03-12 00:27:56 | unimol_tools/data/conformer.py | 437 | INFO | Uni-Mol Tools | Start generating conformers...
2026-03-12 00:27:59 | unimol_tools/data/conformer.py | 452 | INFO | Uni-Mol Tools | Succeeded in generating conformers for 100.00% of molecules.
2026-03-12 00:27:59 | unimol_tools/data/conformer.py | 469 | INFO | Uni-Mol Tools | Succeeded in generating 3d conformers for 100.00% of molecules.
2026-03-12 00:28:00 | unimol_tools/tasks/trainer.py | 78 | INFO | Uni-Mol Tools | Number of GPUs available: 4
2026-03-12 00:28:00 | unimol_tools/tasks/trainer.py | 98 | INFO | Uni-Mol Tools | Using single GPU.
2026-03-12 00:28:03 | unimol_tools/data/conformer.py | 437 | INFO | Uni-Mol Tools | Start generating conformers...
2026-03-12 00:28:07 | unimol_tools/data/conformer.py | 452 | INFO | Uni-Mol Tools | Succeeded in generating conformers for 100.00% of molecules.
2026-03-12 00:28:07 | unimol_tools/data/conformer.py | 469 | INFO | Uni-Mol Tools | Succeeded in generating 3d conformers for 100.00% of molecules.
2026-03-12 00:28:07 | unimol_tools/tasks/trainer.py | 78 | INFO | Uni-Mol Tools | Number of GPUs available: 4
2026-03-12 00:28:07 | unimol_tools/tasks/trainer.py | 98 | INFO | Uni-Mol Tools | Using single GPU.
2026-03-12 00:28:11 | unimol_tools/data/conformer.py | 437 | INFO | Uni-Mol Tools | Start generating conformers...
2026-03-12 00:28:15 | unimol_tools/data/conformer.py | 452 | INFO | Uni-Mol Tools | Succeeded in generating conformers for 100.00% of molecules.
2026-03-12 00:28:15 | unimol_tools/data/conformer.py | 469 | INFO | Uni-Mol Tools | Succeeded in generating 3d conformers for 100.00% of molecules.
2026-03-12 00:28:15 | unimol_tools/tasks/trainer.py | 78 | INFO | Uni-Mol Tools | Number of GPUs available: 4
2026-03-12 00:28:15 | unimol_tools/tasks/trainer.py | 98 | INFO | Uni-Mol Tools | Using single GPU.
2026-03-12 00:28:19 | unimol_tools/data/conformer.py | 437 | INFO | Uni-Mol Tools | Start generating conformers...
2026-03-12 00:28:22 | unimol_tools/data/conformer.py | 452 | INFO | Uni-Mol Tools | Succeeded in generating conformers for 100.00% of molecules.
2026-03-12 00:28:22 | unimol_tools/data/conformer.py | 469 | INFO | Uni-Mol Tools | Succeeded in generating 3d conformers for 100.00% of molecules.
2026-03-12 00:28:23 | unimol_tools/tasks/trainer.py | 78 | INFO | Uni-Mol Tools | Number of GPUs available: 4
2026-03-12 00:28:23 | unimol_tools/tasks/trainer.py | 98 | INFO | Uni-Mol Tools | Using single GPU.
2026-03-12 00:28:26 | unimol_tools/data/conformer.py | 437 | INFO | Uni-Mol Tools | Start generating conformers...
2026-03-12 00:28:30 | unimol_tools/data/conformer.py | 452 | INFO | Uni-Mol Tools | Succeeded in generating conformers for 100.00% of molecules.
2026-03-12 00:28:30 | unimol_tools/data/conformer.py | 469 | INFO | Uni-Mol Tools | Succeeded in generating 3d conformers for 100.00% of molecules.
2026-03-12 00:28:30 | unimol_tools/tasks/trainer.py | 78 | INFO | Uni-Mol Tools | Number of GPUs available: 4
2026-03-12 00:28:30 | unimol_tools/tasks/trainer.py | 98 | INFO | Uni-Mol Tools | Using single GPU.
2026-03-12 00:28:33 | unimol_tools/data/conformer.py | 437 | INFO | Uni-Mol Tools | Start generating conformers...
2026-03-12 00:28:36 | unimol_tools/data/conformer.py | 452 | INFO | Uni-Mol Tools | Succeeded in generating conformers for 100.00% of molecules.
2026-03-12 00:28:36 | unimol_tools/data/conformer.py | 469 | INFO | Uni-Mol Tools | Succeeded in generating 3d conformers for 100.00% of molecules.
2026-03-12 00:28:37 | unimol_tools/tasks/trainer.py | 78 | INFO | Uni-Mol Tools | Number of GPUs available: 4
2026-03-12 00:28:37 | unimol_tools/tasks/trainer.py | 98 | INFO | Uni-Mol Tools | Using single GPU.
2026-03-12 00:28:40 | unimol_tools/data/conformer.py | 437 | INFO | Uni-Mol Tools | Start generating conformers...
2026-03-12 00:28:43 | unimol_tools/data/conformer.py | 452 | INFO | Uni-Mol Tools | Succeeded in generating conformers for 100.00% of molecules.
2026-03-12 00:28:43 | unimol_tools/data/conformer.py | 469 | INFO | Uni-Mol Tools | Succeeded in generating 3d conformers for 100.00% of molecules.
2026-03-12 00:28:43 | unimol_tools/tasks/trainer.py | 78 | INFO | Uni-Mol Tools | Number of GPUs available: 4
2026-03-12 00:28:43 | unimol_tools/tasks/trainer.py | 98 | INFO | Uni-Mol Tools | Using single GPU.
2026-03-12 00:28:45 | unimol_tools/data/conformer.py | 437 | INFO | Uni-Mol Tools | Start generating conformers...
2026-03-12 00:28:48 | unimol_tools/data/conformer.py | 452 | INFO | Uni-Mol Tools | Succeeded in generating conformers for 100.00% of molecules.
2026-03-12 00:28:48 | unimol_tools/data/conformer.py | 469 | INFO | Uni-Mol Tools | Succeeded in generating 3d conformers for 100.00% of molecules.
2026-03-12 00:28:48 | unimol_tools/tasks/trainer.py | 78 | INFO | Uni-Mol Tools | Number of GPUs available: 4
2026-03-12 00:28:48 | unimol_tools/tasks/trainer.py | 98 | INFO | Uni-Mol Tools | Using single GPU.
2026-03-12 00:28:50 | unimol_tools/data/conformer.py | 437 | INFO | Uni-Mol Tools | Start generating conformers...
2026-03-12 00:28:53 | unimol_tools/data/conformer.py | 452 | INFO | Uni-Mol Tools | Succeeded in generating conformers for 100.00% of molecules.
2026-03-12 00:28:53 | unimol_tools/data/conformer.py | 469 | INFO | Uni-Mol Tools | Succeeded in generating 3d conformers for 100.00% of molecules.
2026-03-12 00:28:54 | unimol_tools/tasks/trainer.py | 78 | INFO | Uni-Mol Tools | Number of GPUs available: 4
2026-03-12 00:28:54 | unimol_tools/tasks/trainer.py | 98 | INFO | Uni-Mol Tools | Using single GPU.
2026-03-12 00:28:56 | unimol_tools/data/conformer.py | 437 | INFO | Uni-Mol Tools | Start generating conformers...
2026-03-12 00:28:59 | unimol_tools/data/conformer.py | 452 | INFO | Uni-Mol Tools | Succeeded in generating conformers for 100.00% of molecules.
2026-03-12 00:28:59 | unimol_tools/data/conformer.py | 469 | INFO | Uni-Mol Tools | Succeeded in generating 3d conformers for 100.00% of molecules.
2026-03-12 00:29:00 | unimol_tools/tasks/trainer.py | 78 | INFO | Uni-Mol Tools | Number of GPUs available: 4
2026-03-12 00:29:00 | unimol_tools/tasks/trainer.py | 98 | INFO | Uni-Mol Tools | Using single GPU.
2026-03-12 00:29:02 | unimol_tools/data/conformer.py | 437 | INFO | Uni-Mol Tools | Start generating conformers...
2026-03-12 00:29:04 | unimol_tools/data/conformer.py | 452 | INFO | Uni-Mol Tools | Succeeded in generating conformers for 100.00% of molecules.
2026-03-12 00:29:04 | unimol_tools/data/conformer.py | 469 | INFO | Uni-Mol Tools | Succeeded in generating 3d conformers for 100.00% of molecules.
2026-03-12 00:29:05 | unimol_tools/tasks/trainer.py | 78 | INFO | Uni-Mol Tools | Number of GPUs available: 4
2026-03-12 00:29:05 | unimol_tools/tasks/trainer.py | 98 | INFO | Uni-Mol Tools | Using single GPU.
2026-03-12 00:29:08 | unimol_tools/data/conformer.py | 437 | INFO | Uni-Mol Tools | Start generating conformers...
2026-03-12 00:29:10 | unimol_tools/data/conformer.py | 452 | INFO | Uni-Mol Tools | Succeeded in generating conformers for 100.00% of molecules.
2026-03-12 00:29:10 | unimol_tools/data/conformer.py | 469 | INFO | Uni-Mol Tools | Succeeded in generating 3d conformers for 100.00% of molecules.
2026-03-12 00:29:11 | unimol_tools/tasks/trainer.py | 78 | INFO | Uni-Mol Tools | Number of GPUs available: 4
2026-03-12 00:29:11 | unimol_tools/tasks/trainer.py | 98 | INFO | Uni-Mol Tools | Using single GPU.
2026-03-12 00:29:14 | unimol_tools/data/conformer.py | 437 | INFO | Uni-Mol Tools | Start generating conformers...
2026-03-12 00:29:17 | unimol_tools/data/conformer.py | 452 | INFO | Uni-Mol Tools | Succeeded in generating conformers for 100.00% of molecules.
2026-03-12 00:29:17 | unimol_tools/data/conformer.py | 469 | INFO | Uni-Mol Tools | Succeeded in generating 3d conformers for 100.00% of molecules.
2026-03-12 00:29:17 | unimol_tools/tasks/trainer.py | 78 | INFO | Uni-Mol Tools | Number of GPUs available: 4
2026-03-12 00:29:17 | unimol_tools/tasks/trainer.py | 98 | INFO | Uni-Mol Tools | Using single GPU.
2026-03-12 00:29:20 | unimol_tools/data/conformer.py | 437 | INFO | Uni-Mol Tools | Start generating conformers...
2026-03-12 00:29:23 | unimol_tools/data/conformer.py | 452 | INFO | Uni-Mol Tools | Succeeded in generating conformers for 100.00% of molecules.
2026-03-12 00:29:23 | unimol_tools/data/conformer.py | 469 | INFO | Uni-Mol Tools | Succeeded in generating 3d conformers for 100.00% of molecules.
2026-03-12 00:29:24 | unimol_tools/tasks/trainer.py | 78 | INFO | Uni-Mol Tools | Number of GPUs available: 4
2026-03-12 00:29:24 | unimol_tools/tasks/trainer.py | 98 | INFO | Uni-Mol Tools | Using single GPU.
2026-03-12 00:29:26 | unimol_tools/data/conformer.py | 437 | INFO | Uni-Mol Tools | Start generating conformers...
2026-03-12 00:29:29 | unimol_tools/data/conformer.py | 452 | INFO | Uni-Mol Tools | Succeeded in generating conformers for 100.00% of molecules.
2026-03-12 00:29:29 | unimol_tools/data/conformer.py | 469 | INFO | Uni-Mol Tools | Succeeded in generating 3d conformers for 100.00% of molecules.
2026-03-12 00:29:30 | unimol_tools/tasks/trainer.py | 78 | INFO | Uni-Mol Tools | Number of GPUs available: 4
2026-03-12 00:29:30 | unimol_tools/tasks/trainer.py | 98 | INFO | Uni-Mol Tools | Using single GPU.
2026-03-12 00:29:32 | unimol_tools/data/conformer.py | 437 | INFO | Uni-Mol Tools | Start generating conformers...
2026-03-12 00:29:35 | unimol_tools/data/conformer.py | 452 | INFO | Uni-Mol Tools | Succeeded in generating conformers for 100.00% of molecules.
2026-03-12 00:29:35 | unimol_tools/data/conformer.py | 469 | INFO | Uni-Mol Tools | Succeeded in generating 3d conformers for 100.00% of molecules.
2026-03-12 00:29:36 | unimol_tools/tasks/trainer.py | 78 | INFO | Uni-Mol Tools | Number of GPUs available: 4
2026-03-12 00:29:36 | unimol_tools/tasks/trainer.py | 98 | INFO | Uni-Mol Tools | Using single GPU.
