2026-03-12 00:20:04 | unimol_tools/models/unimolv2.py | 161 | INFO | Uni-Mol Tools | Loading pretrained weights from /home/ubuntu/miniconda3/envs/apodock/lib/python3.10/site-packages/unimol_tools/weights/modelzoo/1.1B/checkpoint.pt
2026-03-12 00:20:32 | unimol_tools/data/conformer.py | 437 | INFO | Uni-Mol Tools | Start generating conformers...
2026-03-12 00:20:35 | unimol_tools/data/conformer.py | 452 | INFO | Uni-Mol Tools | Succeeded in generating conformers for 100.00% of molecules.
2026-03-12 00:20:35 | unimol_tools/data/conformer.py | 469 | INFO | Uni-Mol Tools | Succeeded in generating 3d conformers for 100.00% of molecules.
2026-03-12 00:20:35 | unimol_tools/tasks/trainer.py | 78 | INFO | Uni-Mol Tools | Number of GPUs available: 4
2026-03-12 00:20:35 | unimol_tools/tasks/trainer.py | 98 | INFO | Uni-Mol Tools | Using single GPU.
2026-03-12 00:20:37 | unimol_tools/data/conformer.py | 437 | INFO | Uni-Mol Tools | Start generating conformers...
2026-03-12 00:20:40 | unimol_tools/data/conformer.py | 452 | INFO | Uni-Mol Tools | Succeeded in generating conformers for 100.00% of molecules.
2026-03-12 00:20:40 | unimol_tools/data/conformer.py | 469 | INFO | Uni-Mol Tools | Succeeded in generating 3d conformers for 100.00% of molecules.
2026-03-12 00:20:40 | unimol_tools/tasks/trainer.py | 78 | INFO | Uni-Mol Tools | Number of GPUs available: 4
2026-03-12 00:20:40 | unimol_tools/tasks/trainer.py | 98 | INFO | Uni-Mol Tools | Using single GPU.
2026-03-12 00:20:42 | unimol_tools/data/conformer.py | 437 | INFO | Uni-Mol Tools | Start generating conformers...
2026-03-12 00:20:45 | unimol_tools/data/conformer.py | 452 | INFO | Uni-Mol Tools | Succeeded in generating conformers for 100.00% of molecules.
2026-03-12 00:20:45 | unimol_tools/data/conformer.py | 469 | INFO | Uni-Mol Tools | Succeeded in generating 3d conformers for 100.00% of molecules.
2026-03-12 00:20:45 | unimol_tools/tasks/trainer.py | 78 | INFO | Uni-Mol Tools | Number of GPUs available: 4
2026-03-12 00:20:45 | unimol_tools/tasks/trainer.py | 98 | INFO | Uni-Mol Tools | Using single GPU.
2026-03-12 00:20:48 | unimol_tools/data/conformer.py | 437 | INFO | Uni-Mol Tools | Start generating conformers...
2026-03-12 00:20:51 | unimol_tools/data/conformer.py | 452 | INFO | Uni-Mol Tools | Succeeded in generating conformers for 100.00% of molecules.
2026-03-12 00:20:51 | unimol_tools/data/conformer.py | 469 | INFO | Uni-Mol Tools | Succeeded in generating 3d conformers for 100.00% of molecules.
2026-03-12 00:20:51 | unimol_tools/tasks/trainer.py | 78 | INFO | Uni-Mol Tools | Number of GPUs available: 4
2026-03-12 00:20:51 | unimol_tools/tasks/trainer.py | 98 | INFO | Uni-Mol Tools | Using single GPU.
2026-03-12 00:20:53 | unimol_tools/data/conformer.py | 437 | INFO | Uni-Mol Tools | Start generating conformers...
2026-03-12 00:20:56 | unimol_tools/data/conformer.py | 452 | INFO | Uni-Mol Tools | Succeeded in generating conformers for 100.00% of molecules.
2026-03-12 00:20:56 | unimol_tools/data/conformer.py | 469 | INFO | Uni-Mol Tools | Succeeded in generating 3d conformers for 100.00% of molecules.
2026-03-12 00:20:56 | unimol_tools/tasks/trainer.py | 78 | INFO | Uni-Mol Tools | Number of GPUs available: 4
2026-03-12 00:20:56 | unimol_tools/tasks/trainer.py | 98 | INFO | Uni-Mol Tools | Using single GPU.
2026-03-12 00:20:59 | unimol_tools/data/conformer.py | 437 | INFO | Uni-Mol Tools | Start generating conformers...
2026-03-12 00:21:02 | unimol_tools/data/conformer.py | 452 | INFO | Uni-Mol Tools | Succeeded in generating conformers for 100.00% of molecules.
2026-03-12 00:21:02 | unimol_tools/data/conformer.py | 469 | INFO | Uni-Mol Tools | Succeeded in generating 3d conformers for 100.00% of molecules.
2026-03-12 00:21:02 | unimol_tools/tasks/trainer.py | 78 | INFO | Uni-Mol Tools | Number of GPUs available: 4
2026-03-12 00:21:02 | unimol_tools/tasks/trainer.py | 98 | INFO | Uni-Mol Tools | Using single GPU.
2026-03-12 00:21:05 | unimol_tools/data/conformer.py | 437 | INFO | Uni-Mol Tools | Start generating conformers...
2026-03-12 00:21:08 | unimol_tools/data/conformer.py | 452 | INFO | Uni-Mol Tools | Succeeded in generating conformers for 100.00% of molecules.
2026-03-12 00:21:08 | unimol_tools/data/conformer.py | 469 | INFO | Uni-Mol Tools | Succeeded in generating 3d conformers for 100.00% of molecules.
2026-03-12 00:21:08 | unimol_tools/tasks/trainer.py | 78 | INFO | Uni-Mol Tools | Number of GPUs available: 4
2026-03-12 00:21:08 | unimol_tools/tasks/trainer.py | 98 | INFO | Uni-Mol Tools | Using single GPU.
2026-03-12 00:21:11 | unimol_tools/data/conformer.py | 437 | INFO | Uni-Mol Tools | Start generating conformers...
2026-03-12 00:21:14 | unimol_tools/data/conformer.py | 452 | INFO | Uni-Mol Tools | Succeeded in generating conformers for 100.00% of molecules.
2026-03-12 00:21:14 | unimol_tools/data/conformer.py | 469 | INFO | Uni-Mol Tools | Succeeded in generating 3d conformers for 100.00% of molecules.
2026-03-12 00:21:15 | unimol_tools/tasks/trainer.py | 78 | INFO | Uni-Mol Tools | Number of GPUs available: 4
2026-03-12 00:21:15 | unimol_tools/tasks/trainer.py | 98 | INFO | Uni-Mol Tools | Using single GPU.
2026-03-12 00:21:17 | unimol_tools/data/conformer.py | 437 | INFO | Uni-Mol Tools | Start generating conformers...
2026-03-12 00:21:20 | unimol_tools/data/conformer.py | 452 | INFO | Uni-Mol Tools | Succeeded in generating conformers for 100.00% of molecules.
2026-03-12 00:21:20 | unimol_tools/data/conformer.py | 469 | INFO | Uni-Mol Tools | Succeeded in generating 3d conformers for 100.00% of molecules.
2026-03-12 00:21:21 | unimol_tools/tasks/trainer.py | 78 | INFO | Uni-Mol Tools | Number of GPUs available: 4
2026-03-12 00:21:21 | unimol_tools/tasks/trainer.py | 98 | INFO | Uni-Mol Tools | Using single GPU.
2026-03-12 00:21:23 | unimol_tools/data/conformer.py | 437 | INFO | Uni-Mol Tools | Start generating conformers...
2026-03-12 00:21:26 | unimol_tools/data/conformer.py | 452 | INFO | Uni-Mol Tools | Succeeded in generating conformers for 100.00% of molecules.
2026-03-12 00:21:26 | unimol_tools/data/conformer.py | 469 | INFO | Uni-Mol Tools | Succeeded in generating 3d conformers for 100.00% of molecules.
2026-03-12 00:21:26 | unimol_tools/tasks/trainer.py | 78 | INFO | Uni-Mol Tools | Number of GPUs available: 4
2026-03-12 00:21:26 | unimol_tools/tasks/trainer.py | 98 | INFO | Uni-Mol Tools | Using single GPU.
2026-03-12 00:21:28 | unimol_tools/data/conformer.py | 437 | INFO | Uni-Mol Tools | Start generating conformers...
2026-03-12 00:21:31 | unimol_tools/data/conformer.py | 452 | INFO | Uni-Mol Tools | Succeeded in generating conformers for 100.00% of molecules.
2026-03-12 00:21:31 | unimol_tools/data/conformer.py | 469 | INFO | Uni-Mol Tools | Succeeded in generating 3d conformers for 100.00% of molecules.
2026-03-12 00:21:31 | unimol_tools/tasks/trainer.py | 78 | INFO | Uni-Mol Tools | Number of GPUs available: 4
2026-03-12 00:21:31 | unimol_tools/tasks/trainer.py | 98 | INFO | Uni-Mol Tools | Using single GPU.
2026-03-12 00:21:33 | unimol_tools/data/conformer.py | 437 | INFO | Uni-Mol Tools | Start generating conformers...
2026-03-12 00:21:35 | unimol_tools/data/conformer.py | 452 | INFO | Uni-Mol Tools | Succeeded in generating conformers for 100.00% of molecules.
2026-03-12 00:21:35 | unimol_tools/data/conformer.py | 469 | INFO | Uni-Mol Tools | Succeeded in generating 3d conformers for 100.00% of molecules.
2026-03-12 00:21:36 | unimol_tools/tasks/trainer.py | 78 | INFO | Uni-Mol Tools | Number of GPUs available: 4
2026-03-12 00:21:36 | unimol_tools/tasks/trainer.py | 98 | INFO | Uni-Mol Tools | Using single GPU.
2026-03-12 00:21:37 | unimol_tools/data/conformer.py | 437 | INFO | Uni-Mol Tools | Start generating conformers...
2026-03-12 00:21:40 | unimol_tools/data/conformer.py | 452 | INFO | Uni-Mol Tools | Succeeded in generating conformers for 100.00% of molecules.
2026-03-12 00:21:40 | unimol_tools/data/conformer.py | 469 | INFO | Uni-Mol Tools | Succeeded in generating 3d conformers for 100.00% of molecules.
2026-03-12 00:21:41 | unimol_tools/tasks/trainer.py | 78 | INFO | Uni-Mol Tools | Number of GPUs available: 4
2026-03-12 00:21:41 | unimol_tools/tasks/trainer.py | 98 | INFO | Uni-Mol Tools | Using single GPU.
2026-03-12 00:21:43 | unimol_tools/data/conformer.py | 437 | INFO | Uni-Mol Tools | Start generating conformers...
2026-03-12 00:21:46 | unimol_tools/data/conformer.py | 452 | INFO | Uni-Mol Tools | Succeeded in generating conformers for 100.00% of molecules.
2026-03-12 00:21:46 | unimol_tools/data/conformer.py | 469 | INFO | Uni-Mol Tools | Succeeded in generating 3d conformers for 100.00% of molecules.
2026-03-12 00:21:46 | unimol_tools/tasks/trainer.py | 78 | INFO | Uni-Mol Tools | Number of GPUs available: 4
2026-03-12 00:21:46 | unimol_tools/tasks/trainer.py | 98 | INFO | Uni-Mol Tools | Using single GPU.
2026-03-12 00:21:49 | unimol_tools/data/conformer.py | 437 | INFO | Uni-Mol Tools | Start generating conformers...
2026-03-12 00:21:51 | unimol_tools/data/conformer.py | 452 | INFO | Uni-Mol Tools | Succeeded in generating conformers for 100.00% of molecules.
2026-03-12 00:21:51 | unimol_tools/data/conformer.py | 469 | INFO | Uni-Mol Tools | Succeeded in generating 3d conformers for 100.00% of molecules.
2026-03-12 00:21:52 | unimol_tools/tasks/trainer.py | 78 | INFO | Uni-Mol Tools | Number of GPUs available: 4
2026-03-12 00:21:52 | unimol_tools/tasks/trainer.py | 98 | INFO | Uni-Mol Tools | Using single GPU.
2026-03-12 00:21:54 | unimol_tools/data/conformer.py | 437 | INFO | Uni-Mol Tools | Start generating conformers...
2026-03-12 00:21:57 | unimol_tools/data/conformer.py | 452 | INFO | Uni-Mol Tools | Succeeded in generating conformers for 100.00% of molecules.
2026-03-12 00:21:57 | unimol_tools/data/conformer.py | 469 | INFO | Uni-Mol Tools | Succeeded in generating 3d conformers for 100.00% of molecules.
2026-03-12 00:21:57 | unimol_tools/tasks/trainer.py | 78 | INFO | Uni-Mol Tools | Number of GPUs available: 4
2026-03-12 00:21:57 | unimol_tools/tasks/trainer.py | 98 | INFO | Uni-Mol Tools | Using single GPU.
2026-03-12 00:22:00 | unimol_tools/data/conformer.py | 437 | INFO | Uni-Mol Tools | Start generating conformers...
2026-03-12 00:22:03 | unimol_tools/data/conformer.py | 452 | INFO | Uni-Mol Tools | Succeeded in generating conformers for 100.00% of molecules.
2026-03-12 00:22:03 | unimol_tools/data/conformer.py | 469 | INFO | Uni-Mol Tools | Succeeded in generating 3d conformers for 100.00% of molecules.
2026-03-12 00:22:04 | unimol_tools/tasks/trainer.py | 78 | INFO | Uni-Mol Tools | Number of GPUs available: 4
2026-03-12 00:22:04 | unimol_tools/tasks/trainer.py | 98 | INFO | Uni-Mol Tools | Using single GPU.
2026-03-12 00:22:07 | unimol_tools/data/conformer.py | 437 | INFO | Uni-Mol Tools | Start generating conformers...
2026-03-12 00:22:10 | unimol_tools/data/conformer.py | 452 | INFO | Uni-Mol Tools | Succeeded in generating conformers for 100.00% of molecules.
2026-03-12 00:22:10 | unimol_tools/data/conformer.py | 469 | INFO | Uni-Mol Tools | Succeeded in generating 3d conformers for 100.00% of molecules.
2026-03-12 00:22:11 | unimol_tools/tasks/trainer.py | 78 | INFO | Uni-Mol Tools | Number of GPUs available: 4
2026-03-12 00:22:11 | unimol_tools/tasks/trainer.py | 98 | INFO | Uni-Mol Tools | Using single GPU.
2026-03-12 00:22:13 | unimol_tools/data/conformer.py | 437 | INFO | Uni-Mol Tools | Start generating conformers...
2026-03-12 00:22:16 | unimol_tools/data/conformer.py | 452 | INFO | Uni-Mol Tools | Succeeded in generating conformers for 100.00% of molecules.
2026-03-12 00:22:16 | unimol_tools/data/conformer.py | 469 | INFO | Uni-Mol Tools | Succeeded in generating 3d conformers for 100.00% of molecules.
2026-03-12 00:22:17 | unimol_tools/tasks/trainer.py | 78 | INFO | Uni-Mol Tools | Number of GPUs available: 4
2026-03-12 00:22:17 | unimol_tools/tasks/trainer.py | 98 | INFO | Uni-Mol Tools | Using single GPU.
2026-03-12 00:22:19 | unimol_tools/data/conformer.py | 437 | INFO | Uni-Mol Tools | Start generating conformers...
2026-03-12 00:22:22 | unimol_tools/data/conformer.py | 452 | INFO | Uni-Mol Tools | Succeeded in generating conformers for 100.00% of molecules.
2026-03-12 00:22:22 | unimol_tools/data/conformer.py | 469 | INFO | Uni-Mol Tools | Succeeded in generating 3d conformers for 100.00% of molecules.
2026-03-12 00:22:23 | unimol_tools/tasks/trainer.py | 78 | INFO | Uni-Mol Tools | Number of GPUs available: 4
2026-03-12 00:22:23 | unimol_tools/tasks/trainer.py | 98 | INFO | Uni-Mol Tools | Using single GPU.
2026-03-12 00:22:25 | unimol_tools/data/conformer.py | 437 | INFO | Uni-Mol Tools | Start generating conformers...
2026-03-12 00:22:28 | unimol_tools/data/conformer.py | 452 | INFO | Uni-Mol Tools | Succeeded in generating conformers for 100.00% of molecules.
2026-03-12 00:22:28 | unimol_tools/data/conformer.py | 469 | INFO | Uni-Mol Tools | Succeeded in generating 3d conformers for 100.00% of molecules.
2026-03-12 00:22:28 | unimol_tools/tasks/trainer.py | 78 | INFO | Uni-Mol Tools | Number of GPUs available: 4
2026-03-12 00:22:28 | unimol_tools/tasks/trainer.py | 98 | INFO | Uni-Mol Tools | Using single GPU.
2026-03-12 00:22:30 | unimol_tools/data/conformer.py | 437 | INFO | Uni-Mol Tools | Start generating conformers...
2026-03-12 00:22:32 | unimol_tools/data/conformer.py | 452 | INFO | Uni-Mol Tools | Succeeded in generating conformers for 100.00% of molecules.
2026-03-12 00:22:32 | unimol_tools/data/conformer.py | 469 | INFO | Uni-Mol Tools | Succeeded in generating 3d conformers for 100.00% of molecules.
2026-03-12 00:22:33 | unimol_tools/tasks/trainer.py | 78 | INFO | Uni-Mol Tools | Number of GPUs available: 4
2026-03-12 00:22:33 | unimol_tools/tasks/trainer.py | 98 | INFO | Uni-Mol Tools | Using single GPU.
2026-03-12 00:22:35 | unimol_tools/data/conformer.py | 437 | INFO | Uni-Mol Tools | Start generating conformers...
2026-03-12 00:22:37 | unimol_tools/data/conformer.py | 452 | INFO | Uni-Mol Tools | Succeeded in generating conformers for 100.00% of molecules.
2026-03-12 00:22:37 | unimol_tools/data/conformer.py | 469 | INFO | Uni-Mol Tools | Succeeded in generating 3d conformers for 100.00% of molecules.
2026-03-12 00:22:38 | unimol_tools/tasks/trainer.py | 78 | INFO | Uni-Mol Tools | Number of GPUs available: 4
2026-03-12 00:22:38 | unimol_tools/tasks/trainer.py | 98 | INFO | Uni-Mol Tools | Using single GPU.
2026-03-12 00:22:40 | unimol_tools/data/conformer.py | 437 | INFO | Uni-Mol Tools | Start generating conformers...
2026-03-12 00:22:43 | unimol_tools/data/conformer.py | 452 | INFO | Uni-Mol Tools | Succeeded in generating conformers for 100.00% of molecules.
2026-03-12 00:22:43 | unimol_tools/data/conformer.py | 469 | INFO | Uni-Mol Tools | Succeeded in generating 3d conformers for 100.00% of molecules.
2026-03-12 00:22:44 | unimol_tools/tasks/trainer.py | 78 | INFO | Uni-Mol Tools | Number of GPUs available: 4
2026-03-12 00:22:44 | unimol_tools/tasks/trainer.py | 98 | INFO | Uni-Mol Tools | Using single GPU.
2026-03-12 00:22:46 | unimol_tools/data/conformer.py | 437 | INFO | Uni-Mol Tools | Start generating conformers...
2026-03-12 00:22:49 | unimol_tools/data/conformer.py | 452 | INFO | Uni-Mol Tools | Succeeded in generating conformers for 100.00% of molecules.
2026-03-12 00:22:49 | unimol_tools/data/conformer.py | 469 | INFO | Uni-Mol Tools | Succeeded in generating 3d conformers for 100.00% of molecules.
2026-03-12 00:22:49 | unimol_tools/tasks/trainer.py | 78 | INFO | Uni-Mol Tools | Number of GPUs available: 4
2026-03-12 00:22:49 | unimol_tools/tasks/trainer.py | 98 | INFO | Uni-Mol Tools | Using single GPU.
2026-03-12 00:22:52 | unimol_tools/data/conformer.py | 437 | INFO | Uni-Mol Tools | Start generating conformers...
2026-03-12 00:22:55 | unimol_tools/data/conformer.py | 452 | INFO | Uni-Mol Tools | Succeeded in generating conformers for 100.00% of molecules.
2026-03-12 00:22:55 | unimol_tools/data/conformer.py | 469 | INFO | Uni-Mol Tools | Succeeded in generating 3d conformers for 100.00% of molecules.
2026-03-12 00:22:55 | unimol_tools/tasks/trainer.py | 78 | INFO | Uni-Mol Tools | Number of GPUs available: 4
2026-03-12 00:22:55 | unimol_tools/tasks/trainer.py | 98 | INFO | Uni-Mol Tools | Using single GPU.
2026-03-12 00:22:59 | unimol_tools/data/conformer.py | 437 | INFO | Uni-Mol Tools | Start generating conformers...
2026-03-12 00:23:02 | unimol_tools/data/conformer.py | 452 | INFO | Uni-Mol Tools | Succeeded in generating conformers for 100.00% of molecules.
2026-03-12 00:23:02 | unimol_tools/data/conformer.py | 469 | INFO | Uni-Mol Tools | Succeeded in generating 3d conformers for 100.00% of molecules.
2026-03-12 00:23:02 | unimol_tools/tasks/trainer.py | 78 | INFO | Uni-Mol Tools | Number of GPUs available: 4
2026-03-12 00:23:02 | unimol_tools/tasks/trainer.py | 98 | INFO | Uni-Mol Tools | Using single GPU.
2026-03-12 00:23:05 | unimol_tools/data/conformer.py | 437 | INFO | Uni-Mol Tools | Start generating conformers...
2026-03-12 00:23:09 | unimol_tools/data/conformer.py | 452 | INFO | Uni-Mol Tools | Succeeded in generating conformers for 100.00% of molecules.
2026-03-12 00:23:09 | unimol_tools/data/conformer.py | 469 | INFO | Uni-Mol Tools | Succeeded in generating 3d conformers for 100.00% of molecules.
2026-03-12 00:23:09 | unimol_tools/tasks/trainer.py | 78 | INFO | Uni-Mol Tools | Number of GPUs available: 4
2026-03-12 00:23:09 | unimol_tools/tasks/trainer.py | 98 | INFO | Uni-Mol Tools | Using single GPU.
2026-03-12 00:23:13 | unimol_tools/data/conformer.py | 437 | INFO | Uni-Mol Tools | Start generating conformers...
2026-03-12 00:23:16 | unimol_tools/data/conformer.py | 452 | INFO | Uni-Mol Tools | Succeeded in generating conformers for 100.00% of molecules.
2026-03-12 00:23:16 | unimol_tools/data/conformer.py | 469 | INFO | Uni-Mol Tools | Succeeded in generating 3d conformers for 100.00% of molecules.
2026-03-12 00:23:16 | unimol_tools/tasks/trainer.py | 78 | INFO | Uni-Mol Tools | Number of GPUs available: 4
2026-03-12 00:23:16 | unimol_tools/tasks/trainer.py | 98 | INFO | Uni-Mol Tools | Using single GPU.
2026-03-12 00:23:19 | unimol_tools/data/conformer.py | 437 | INFO | Uni-Mol Tools | Start generating conformers...
2026-03-12 00:23:22 | unimol_tools/data/conformer.py | 452 | INFO | Uni-Mol Tools | Succeeded in generating conformers for 100.00% of molecules.
2026-03-12 00:23:22 | unimol_tools/data/conformer.py | 469 | INFO | Uni-Mol Tools | Succeeded in generating 3d conformers for 100.00% of molecules.
2026-03-12 00:23:22 | unimol_tools/tasks/trainer.py | 78 | INFO | Uni-Mol Tools | Number of GPUs available: 4
2026-03-12 00:23:22 | unimol_tools/tasks/trainer.py | 98 | INFO | Uni-Mol Tools | Using single GPU.
2026-03-12 00:23:25 | unimol_tools/data/conformer.py | 437 | INFO | Uni-Mol Tools | Start generating conformers...
2026-03-12 00:23:27 | unimol_tools/data/conformer.py | 452 | INFO | Uni-Mol Tools | Succeeded in generating conformers for 100.00% of molecules.
2026-03-12 00:23:27 | unimol_tools/data/conformer.py | 469 | INFO | Uni-Mol Tools | Succeeded in generating 3d conformers for 100.00% of molecules.
2026-03-12 00:23:28 | unimol_tools/tasks/trainer.py | 78 | INFO | Uni-Mol Tools | Number of GPUs available: 4
2026-03-12 00:23:28 | unimol_tools/tasks/trainer.py | 98 | INFO | Uni-Mol Tools | Using single GPU.
2026-03-12 00:23:30 | unimol_tools/data/conformer.py | 437 | INFO | Uni-Mol Tools | Start generating conformers...
2026-03-12 00:23:32 | unimol_tools/data/conformer.py | 452 | INFO | Uni-Mol Tools | Succeeded in generating conformers for 100.00% of molecules.
2026-03-12 00:23:32 | unimol_tools/data/conformer.py | 469 | INFO | Uni-Mol Tools | Succeeded in generating 3d conformers for 100.00% of molecules.
2026-03-12 00:23:33 | unimol_tools/tasks/trainer.py | 78 | INFO | Uni-Mol Tools | Number of GPUs available: 4
2026-03-12 00:23:33 | unimol_tools/tasks/trainer.py | 98 | INFO | Uni-Mol Tools | Using single GPU.
2026-03-12 00:23:35 | unimol_tools/data/conformer.py | 437 | INFO | Uni-Mol Tools | Start generating conformers...
2026-03-12 00:23:38 | unimol_tools/data/conformer.py | 452 | INFO | Uni-Mol Tools | Succeeded in generating conformers for 100.00% of molecules.
2026-03-12 00:23:38 | unimol_tools/data/conformer.py | 469 | INFO | Uni-Mol Tools | Succeeded in generating 3d conformers for 100.00% of molecules.
2026-03-12 00:23:38 | unimol_tools/tasks/trainer.py | 78 | INFO | Uni-Mol Tools | Number of GPUs available: 4
2026-03-12 00:23:38 | unimol_tools/tasks/trainer.py | 98 | INFO | Uni-Mol Tools | Using single GPU.
2026-03-12 00:23:41 | unimol_tools/data/conformer.py | 437 | INFO | Uni-Mol Tools | Start generating conformers...
2026-03-12 00:23:44 | unimol_tools/data/conformer.py | 452 | INFO | Uni-Mol Tools | Succeeded in generating conformers for 100.00% of molecules.
2026-03-12 00:23:44 | unimol_tools/data/conformer.py | 469 | INFO | Uni-Mol Tools | Succeeded in generating 3d conformers for 100.00% of molecules.
2026-03-12 00:23:44 | unimol_tools/tasks/trainer.py | 78 | INFO | Uni-Mol Tools | Number of GPUs available: 4
2026-03-12 00:23:44 | unimol_tools/tasks/trainer.py | 98 | INFO | Uni-Mol Tools | Using single GPU.
2026-03-12 00:23:47 | unimol_tools/data/conformer.py | 437 | INFO | Uni-Mol Tools | Start generating conformers...
2026-03-12 00:23:50 | unimol_tools/data/conformer.py | 452 | INFO | Uni-Mol Tools | Succeeded in generating conformers for 100.00% of molecules.
2026-03-12 00:23:50 | unimol_tools/data/conformer.py | 469 | INFO | Uni-Mol Tools | Succeeded in generating 3d conformers for 100.00% of molecules.
2026-03-12 00:23:50 | unimol_tools/tasks/trainer.py | 78 | INFO | Uni-Mol Tools | Number of GPUs available: 4
2026-03-12 00:23:50 | unimol_tools/tasks/trainer.py | 98 | INFO | Uni-Mol Tools | Using single GPU.
2026-03-12 00:23:54 | unimol_tools/data/conformer.py | 437 | INFO | Uni-Mol Tools | Start generating conformers...
2026-03-12 00:23:56 | unimol_tools/data/conformer.py | 452 | INFO | Uni-Mol Tools | Succeeded in generating conformers for 100.00% of molecules.
2026-03-12 00:23:56 | unimol_tools/data/conformer.py | 469 | INFO | Uni-Mol Tools | Succeeded in generating 3d conformers for 100.00% of molecules.
2026-03-12 00:23:56 | unimol_tools/tasks/trainer.py | 78 | INFO | Uni-Mol Tools | Number of GPUs available: 4
2026-03-12 00:23:56 | unimol_tools/tasks/trainer.py | 98 | INFO | Uni-Mol Tools | Using single GPU.
2026-03-12 00:24:00 | unimol_tools/data/conformer.py | 437 | INFO | Uni-Mol Tools | Start generating conformers...
2026-03-12 00:24:03 | unimol_tools/data/conformer.py | 452 | INFO | Uni-Mol Tools | Succeeded in generating conformers for 100.00% of molecules.
2026-03-12 00:24:03 | unimol_tools/data/conformer.py | 469 | INFO | Uni-Mol Tools | Succeeded in generating 3d conformers for 100.00% of molecules.
2026-03-12 00:24:03 | unimol_tools/tasks/trainer.py | 78 | INFO | Uni-Mol Tools | Number of GPUs available: 4
2026-03-12 00:24:03 | unimol_tools/tasks/trainer.py | 98 | INFO | Uni-Mol Tools | Using single GPU.
2026-03-12 00:24:06 | unimol_tools/data/conformer.py | 437 | INFO | Uni-Mol Tools | Start generating conformers...
2026-03-12 00:24:09 | unimol_tools/data/conformer.py | 452 | INFO | Uni-Mol Tools | Succeeded in generating conformers for 100.00% of molecules.
2026-03-12 00:24:09 | unimol_tools/data/conformer.py | 469 | INFO | Uni-Mol Tools | Succeeded in generating 3d conformers for 100.00% of molecules.
2026-03-12 00:24:10 | unimol_tools/tasks/trainer.py | 78 | INFO | Uni-Mol Tools | Number of GPUs available: 4
2026-03-12 00:24:10 | unimol_tools/tasks/trainer.py | 98 | INFO | Uni-Mol Tools | Using single GPU.
2026-03-12 00:24:13 | unimol_tools/data/conformer.py | 437 | INFO | Uni-Mol Tools | Start generating conformers...
2026-03-12 00:24:16 | unimol_tools/data/conformer.py | 452 | INFO | Uni-Mol Tools | Succeeded in generating conformers for 100.00% of molecules.
2026-03-12 00:24:16 | unimol_tools/data/conformer.py | 469 | INFO | Uni-Mol Tools | Succeeded in generating 3d conformers for 100.00% of molecules.
2026-03-12 00:24:16 | unimol_tools/tasks/trainer.py | 78 | INFO | Uni-Mol Tools | Number of GPUs available: 4
2026-03-12 00:24:16 | unimol_tools/tasks/trainer.py | 98 | INFO | Uni-Mol Tools | Using single GPU.
2026-03-12 00:24:19 | unimol_tools/data/conformer.py | 437 | INFO | Uni-Mol Tools | Start generating conformers...
2026-03-12 00:24:22 | unimol_tools/data/conformer.py | 452 | INFO | Uni-Mol Tools | Succeeded in generating conformers for 100.00% of molecules.
2026-03-12 00:24:22 | unimol_tools/data/conformer.py | 469 | INFO | Uni-Mol Tools | Succeeded in generating 3d conformers for 100.00% of molecules.
2026-03-12 00:24:22 | unimol_tools/tasks/trainer.py | 78 | INFO | Uni-Mol Tools | Number of GPUs available: 4
2026-03-12 00:24:22 | unimol_tools/tasks/trainer.py | 98 | INFO | Uni-Mol Tools | Using single GPU.
