2026-03-12 00:23:58 | unimol_tools/models/unimolv2.py | 161 | INFO | Uni-Mol Tools | Loading pretrained weights from /home/ubuntu/miniconda3/envs/apodock/lib/python3.10/site-packages/unimol_tools/weights/modelzoo/1.1B/checkpoint.pt
2026-03-12 00:24:28 | unimol_tools/data/conformer.py | 437 | INFO | Uni-Mol Tools | Start generating conformers...
2026-03-12 00:24:30 | unimol_tools/data/conformer.py | 452 | INFO | Uni-Mol Tools | Succeeded in generating conformers for 100.00% of molecules.
2026-03-12 00:24:30 | unimol_tools/data/conformer.py | 469 | INFO | Uni-Mol Tools | Succeeded in generating 3d conformers for 100.00% of molecules.
2026-03-12 00:24:31 | unimol_tools/tasks/trainer.py | 78 | INFO | Uni-Mol Tools | Number of GPUs available: 4
2026-03-12 00:24:31 | unimol_tools/tasks/trainer.py | 98 | INFO | Uni-Mol Tools | Using single GPU.
2026-03-12 00:24:33 | unimol_tools/data/conformer.py | 437 | INFO | Uni-Mol Tools | Start generating conformers...
2026-03-12 00:24:35 | unimol_tools/data/conformer.py | 452 | INFO | Uni-Mol Tools | Succeeded in generating conformers for 100.00% of molecules.
2026-03-12 00:24:35 | unimol_tools/data/conformer.py | 469 | INFO | Uni-Mol Tools | Succeeded in generating 3d conformers for 100.00% of molecules.
2026-03-12 00:24:36 | unimol_tools/tasks/trainer.py | 78 | INFO | Uni-Mol Tools | Number of GPUs available: 4
2026-03-12 00:24:36 | unimol_tools/tasks/trainer.py | 98 | INFO | Uni-Mol Tools | Using single GPU.
2026-03-12 00:24:38 | unimol_tools/data/conformer.py | 437 | INFO | Uni-Mol Tools | Start generating conformers...
2026-03-12 00:24:41 | unimol_tools/data/conformer.py | 452 | INFO | Uni-Mol Tools | Succeeded in generating conformers for 100.00% of molecules.
2026-03-12 00:24:41 | unimol_tools/data/conformer.py | 469 | INFO | Uni-Mol Tools | Succeeded in generating 3d conformers for 100.00% of molecules.
2026-03-12 00:24:41 | unimol_tools/tasks/trainer.py | 78 | INFO | Uni-Mol Tools | Number of GPUs available: 4
2026-03-12 00:24:41 | unimol_tools/tasks/trainer.py | 98 | INFO | Uni-Mol Tools | Using single GPU.
2026-03-12 00:24:44 | unimol_tools/data/conformer.py | 437 | INFO | Uni-Mol Tools | Start generating conformers...
2026-03-12 00:24:47 | unimol_tools/data/conformer.py | 452 | INFO | Uni-Mol Tools | Succeeded in generating conformers for 100.00% of molecules.
2026-03-12 00:24:47 | unimol_tools/data/conformer.py | 469 | INFO | Uni-Mol Tools | Succeeded in generating 3d conformers for 100.00% of molecules.
2026-03-12 00:24:47 | unimol_tools/tasks/trainer.py | 78 | INFO | Uni-Mol Tools | Number of GPUs available: 4
2026-03-12 00:24:47 | unimol_tools/tasks/trainer.py | 98 | INFO | Uni-Mol Tools | Using single GPU.
2026-03-12 00:24:50 | unimol_tools/data/conformer.py | 437 | INFO | Uni-Mol Tools | Start generating conformers...
2026-03-12 00:24:52 | unimol_tools/data/conformer.py | 452 | INFO | Uni-Mol Tools | Succeeded in generating conformers for 100.00% of molecules.
2026-03-12 00:24:52 | unimol_tools/data/conformer.py | 469 | INFO | Uni-Mol Tools | Succeeded in generating 3d conformers for 100.00% of molecules.
2026-03-12 00:24:53 | unimol_tools/tasks/trainer.py | 78 | INFO | Uni-Mol Tools | Number of GPUs available: 4
2026-03-12 00:24:53 | unimol_tools/tasks/trainer.py | 98 | INFO | Uni-Mol Tools | Using single GPU.
2026-03-12 00:24:56 | unimol_tools/data/conformer.py | 437 | INFO | Uni-Mol Tools | Start generating conformers...
2026-03-12 00:24:59 | unimol_tools/data/conformer.py | 452 | INFO | Uni-Mol Tools | Succeeded in generating conformers for 100.00% of molecules.
2026-03-12 00:24:59 | unimol_tools/data/conformer.py | 469 | INFO | Uni-Mol Tools | Succeeded in generating 3d conformers for 100.00% of molecules.
2026-03-12 00:24:59 | unimol_tools/tasks/trainer.py | 78 | INFO | Uni-Mol Tools | Number of GPUs available: 4
2026-03-12 00:24:59 | unimol_tools/tasks/trainer.py | 98 | INFO | Uni-Mol Tools | Using single GPU.
2026-03-12 00:25:03 | unimol_tools/data/conformer.py | 437 | INFO | Uni-Mol Tools | Start generating conformers...
2026-03-12 00:25:05 | unimol_tools/data/conformer.py | 452 | INFO | Uni-Mol Tools | Succeeded in generating conformers for 100.00% of molecules.
2026-03-12 00:25:05 | unimol_tools/data/conformer.py | 469 | INFO | Uni-Mol Tools | Succeeded in generating 3d conformers for 100.00% of molecules.
2026-03-12 00:25:06 | unimol_tools/tasks/trainer.py | 78 | INFO | Uni-Mol Tools | Number of GPUs available: 4
2026-03-12 00:25:06 | unimol_tools/tasks/trainer.py | 98 | INFO | Uni-Mol Tools | Using single GPU.
2026-03-12 00:25:09 | unimol_tools/data/conformer.py | 437 | INFO | Uni-Mol Tools | Start generating conformers...
2026-03-12 00:25:12 | unimol_tools/data/conformer.py | 452 | INFO | Uni-Mol Tools | Succeeded in generating conformers for 100.00% of molecules.
2026-03-12 00:25:12 | unimol_tools/data/conformer.py | 469 | INFO | Uni-Mol Tools | Succeeded in generating 3d conformers for 100.00% of molecules.
2026-03-12 00:25:12 | unimol_tools/tasks/trainer.py | 78 | INFO | Uni-Mol Tools | Number of GPUs available: 4
2026-03-12 00:25:12 | unimol_tools/tasks/trainer.py | 98 | INFO | Uni-Mol Tools | Using single GPU.
2026-03-12 00:25:15 | unimol_tools/data/conformer.py | 437 | INFO | Uni-Mol Tools | Start generating conformers...
2026-03-12 00:25:18 | unimol_tools/data/conformer.py | 452 | INFO | Uni-Mol Tools | Succeeded in generating conformers for 100.00% of molecules.
2026-03-12 00:25:18 | unimol_tools/data/conformer.py | 469 | INFO | Uni-Mol Tools | Succeeded in generating 3d conformers for 100.00% of molecules.
2026-03-12 00:25:18 | unimol_tools/tasks/trainer.py | 78 | INFO | Uni-Mol Tools | Number of GPUs available: 4
2026-03-12 00:25:18 | unimol_tools/tasks/trainer.py | 98 | INFO | Uni-Mol Tools | Using single GPU.
2026-03-12 00:25:21 | unimol_tools/data/conformer.py | 437 | INFO | Uni-Mol Tools | Start generating conformers...
2026-03-12 00:25:24 | unimol_tools/data/conformer.py | 452 | INFO | Uni-Mol Tools | Succeeded in generating conformers for 100.00% of molecules.
2026-03-12 00:25:24 | unimol_tools/data/conformer.py | 469 | INFO | Uni-Mol Tools | Succeeded in generating 3d conformers for 100.00% of molecules.
2026-03-12 00:25:24 | unimol_tools/tasks/trainer.py | 78 | INFO | Uni-Mol Tools | Number of GPUs available: 4
2026-03-12 00:25:24 | unimol_tools/tasks/trainer.py | 98 | INFO | Uni-Mol Tools | Using single GPU.
2026-03-12 00:25:27 | unimol_tools/data/conformer.py | 437 | INFO | Uni-Mol Tools | Start generating conformers...
2026-03-12 00:25:30 | unimol_tools/data/conformer.py | 452 | INFO | Uni-Mol Tools | Succeeded in generating conformers for 100.00% of molecules.
2026-03-12 00:25:30 | unimol_tools/data/conformer.py | 469 | INFO | Uni-Mol Tools | Succeeded in generating 3d conformers for 100.00% of molecules.
2026-03-12 00:25:30 | unimol_tools/tasks/trainer.py | 78 | INFO | Uni-Mol Tools | Number of GPUs available: 4
2026-03-12 00:25:30 | unimol_tools/tasks/trainer.py | 98 | INFO | Uni-Mol Tools | Using single GPU.
2026-03-12 00:25:32 | unimol_tools/data/conformer.py | 437 | INFO | Uni-Mol Tools | Start generating conformers...
2026-03-12 00:25:35 | unimol_tools/data/conformer.py | 452 | INFO | Uni-Mol Tools | Succeeded in generating conformers for 100.00% of molecules.
2026-03-12 00:25:35 | unimol_tools/data/conformer.py | 469 | INFO | Uni-Mol Tools | Succeeded in generating 3d conformers for 100.00% of molecules.
2026-03-12 00:25:35 | unimol_tools/tasks/trainer.py | 78 | INFO | Uni-Mol Tools | Number of GPUs available: 4
2026-03-12 00:25:35 | unimol_tools/tasks/trainer.py | 98 | INFO | Uni-Mol Tools | Using single GPU.
2026-03-12 00:25:37 | unimol_tools/data/conformer.py | 437 | INFO | Uni-Mol Tools | Start generating conformers...
2026-03-12 00:25:40 | unimol_tools/data/conformer.py | 452 | INFO | Uni-Mol Tools | Succeeded in generating conformers for 100.00% of molecules.
2026-03-12 00:25:40 | unimol_tools/data/conformer.py | 469 | INFO | Uni-Mol Tools | Succeeded in generating 3d conformers for 100.00% of molecules.
2026-03-12 00:25:41 | unimol_tools/tasks/trainer.py | 78 | INFO | Uni-Mol Tools | Number of GPUs available: 4
2026-03-12 00:25:41 | unimol_tools/tasks/trainer.py | 98 | INFO | Uni-Mol Tools | Using single GPU.
2026-03-12 00:25:43 | unimol_tools/data/conformer.py | 437 | INFO | Uni-Mol Tools | Start generating conformers...
2026-03-12 00:25:47 | unimol_tools/data/conformer.py | 452 | INFO | Uni-Mol Tools | Succeeded in generating conformers for 100.00% of molecules.
2026-03-12 00:25:47 | unimol_tools/data/conformer.py | 469 | INFO | Uni-Mol Tools | Succeeded in generating 3d conformers for 100.00% of molecules.
2026-03-12 00:25:47 | unimol_tools/tasks/trainer.py | 78 | INFO | Uni-Mol Tools | Number of GPUs available: 4
2026-03-12 00:25:47 | unimol_tools/tasks/trainer.py | 98 | INFO | Uni-Mol Tools | Using single GPU.
2026-03-12 00:25:50 | unimol_tools/data/conformer.py | 437 | INFO | Uni-Mol Tools | Start generating conformers...
2026-03-12 00:25:53 | unimol_tools/data/conformer.py | 452 | INFO | Uni-Mol Tools | Succeeded in generating conformers for 100.00% of molecules.
2026-03-12 00:25:53 | unimol_tools/data/conformer.py | 469 | INFO | Uni-Mol Tools | Succeeded in generating 3d conformers for 100.00% of molecules.
2026-03-12 00:25:53 | unimol_tools/tasks/trainer.py | 78 | INFO | Uni-Mol Tools | Number of GPUs available: 4
2026-03-12 00:25:53 | unimol_tools/tasks/trainer.py | 98 | INFO | Uni-Mol Tools | Using single GPU.
2026-03-12 00:25:57 | unimol_tools/data/conformer.py | 437 | INFO | Uni-Mol Tools | Start generating conformers...
2026-03-12 00:26:00 | unimol_tools/data/conformer.py | 452 | INFO | Uni-Mol Tools | Succeeded in generating conformers for 100.00% of molecules.
2026-03-12 00:26:00 | unimol_tools/data/conformer.py | 469 | INFO | Uni-Mol Tools | Succeeded in generating 3d conformers for 100.00% of molecules.
2026-03-12 00:26:00 | unimol_tools/tasks/trainer.py | 78 | INFO | Uni-Mol Tools | Number of GPUs available: 4
2026-03-12 00:26:00 | unimol_tools/tasks/trainer.py | 98 | INFO | Uni-Mol Tools | Using single GPU.
2026-03-12 00:26:04 | unimol_tools/data/conformer.py | 437 | INFO | Uni-Mol Tools | Start generating conformers...
2026-03-12 00:26:08 | unimol_tools/data/conformer.py | 452 | INFO | Uni-Mol Tools | Succeeded in generating conformers for 100.00% of molecules.
2026-03-12 00:26:08 | unimol_tools/data/conformer.py | 469 | INFO | Uni-Mol Tools | Succeeded in generating 3d conformers for 100.00% of molecules.
2026-03-12 00:26:08 | unimol_tools/tasks/trainer.py | 78 | INFO | Uni-Mol Tools | Number of GPUs available: 4
2026-03-12 00:26:08 | unimol_tools/tasks/trainer.py | 98 | INFO | Uni-Mol Tools | Using single GPU.
2026-03-12 00:26:12 | unimol_tools/data/conformer.py | 437 | INFO | Uni-Mol Tools | Start generating conformers...
2026-03-12 00:26:15 | unimol_tools/data/conformer.py | 452 | INFO | Uni-Mol Tools | Succeeded in generating conformers for 100.00% of molecules.
2026-03-12 00:26:15 | unimol_tools/data/conformer.py | 469 | INFO | Uni-Mol Tools | Succeeded in generating 3d conformers for 100.00% of molecules.
2026-03-12 00:26:16 | unimol_tools/tasks/trainer.py | 78 | INFO | Uni-Mol Tools | Number of GPUs available: 4
2026-03-12 00:26:16 | unimol_tools/tasks/trainer.py | 98 | INFO | Uni-Mol Tools | Using single GPU.
2026-03-12 00:26:19 | unimol_tools/data/conformer.py | 437 | INFO | Uni-Mol Tools | Start generating conformers...
2026-03-12 00:26:23 | unimol_tools/data/conformer.py | 452 | INFO | Uni-Mol Tools | Succeeded in generating conformers for 100.00% of molecules.
2026-03-12 00:26:23 | unimol_tools/data/conformer.py | 469 | INFO | Uni-Mol Tools | Succeeded in generating 3d conformers for 100.00% of molecules.
2026-03-12 00:26:23 | unimol_tools/tasks/trainer.py | 78 | INFO | Uni-Mol Tools | Number of GPUs available: 4
2026-03-12 00:26:23 | unimol_tools/tasks/trainer.py | 98 | INFO | Uni-Mol Tools | Using single GPU.
2026-03-12 00:26:25 | unimol_tools/data/conformer.py | 437 | INFO | Uni-Mol Tools | Start generating conformers...
2026-03-12 00:26:29 | unimol_tools/data/conformer.py | 452 | INFO | Uni-Mol Tools | Succeeded in generating conformers for 100.00% of molecules.
2026-03-12 00:26:29 | unimol_tools/data/conformer.py | 469 | INFO | Uni-Mol Tools | Succeeded in generating 3d conformers for 100.00% of molecules.
2026-03-12 00:26:29 | unimol_tools/tasks/trainer.py | 78 | INFO | Uni-Mol Tools | Number of GPUs available: 4
2026-03-12 00:26:29 | unimol_tools/tasks/trainer.py | 98 | INFO | Uni-Mol Tools | Using single GPU.
2026-03-12 00:26:32 | unimol_tools/data/conformer.py | 437 | INFO | Uni-Mol Tools | Start generating conformers...
2026-03-12 00:26:35 | unimol_tools/data/conformer.py | 452 | INFO | Uni-Mol Tools | Succeeded in generating conformers for 100.00% of molecules.
2026-03-12 00:26:35 | unimol_tools/data/conformer.py | 469 | INFO | Uni-Mol Tools | Succeeded in generating 3d conformers for 100.00% of molecules.
2026-03-12 00:26:35 | unimol_tools/tasks/trainer.py | 78 | INFO | Uni-Mol Tools | Number of GPUs available: 4
2026-03-12 00:26:35 | unimol_tools/tasks/trainer.py | 98 | INFO | Uni-Mol Tools | Using single GPU.
2026-03-12 00:26:37 | unimol_tools/data/conformer.py | 437 | INFO | Uni-Mol Tools | Start generating conformers...
2026-03-12 00:26:40 | unimol_tools/data/conformer.py | 452 | INFO | Uni-Mol Tools | Succeeded in generating conformers for 100.00% of molecules.
2026-03-12 00:26:40 | unimol_tools/data/conformer.py | 469 | INFO | Uni-Mol Tools | Succeeded in generating 3d conformers for 100.00% of molecules.
2026-03-12 00:26:40 | unimol_tools/tasks/trainer.py | 78 | INFO | Uni-Mol Tools | Number of GPUs available: 4
2026-03-12 00:26:40 | unimol_tools/tasks/trainer.py | 98 | INFO | Uni-Mol Tools | Using single GPU.
2026-03-12 00:26:42 | unimol_tools/data/conformer.py | 437 | INFO | Uni-Mol Tools | Start generating conformers...
2026-03-12 00:26:46 | unimol_tools/data/conformer.py | 452 | INFO | Uni-Mol Tools | Succeeded in generating conformers for 100.00% of molecules.
2026-03-12 00:26:46 | unimol_tools/data/conformer.py | 469 | INFO | Uni-Mol Tools | Succeeded in generating 3d conformers for 100.00% of molecules.
2026-03-12 00:26:46 | unimol_tools/tasks/trainer.py | 78 | INFO | Uni-Mol Tools | Number of GPUs available: 4
2026-03-12 00:26:46 | unimol_tools/tasks/trainer.py | 98 | INFO | Uni-Mol Tools | Using single GPU.
2026-03-12 00:26:49 | unimol_tools/data/conformer.py | 437 | INFO | Uni-Mol Tools | Start generating conformers...
2026-03-12 00:26:52 | unimol_tools/data/conformer.py | 452 | INFO | Uni-Mol Tools | Succeeded in generating conformers for 100.00% of molecules.
2026-03-12 00:26:52 | unimol_tools/data/conformer.py | 469 | INFO | Uni-Mol Tools | Succeeded in generating 3d conformers for 100.00% of molecules.
2026-03-12 00:26:53 | unimol_tools/tasks/trainer.py | 78 | INFO | Uni-Mol Tools | Number of GPUs available: 4
2026-03-12 00:26:53 | unimol_tools/tasks/trainer.py | 98 | INFO | Uni-Mol Tools | Using single GPU.
2026-03-12 00:26:55 | unimol_tools/data/conformer.py | 437 | INFO | Uni-Mol Tools | Start generating conformers...
2026-03-12 00:26:58 | unimol_tools/data/conformer.py | 452 | INFO | Uni-Mol Tools | Succeeded in generating conformers for 100.00% of molecules.
2026-03-12 00:26:58 | unimol_tools/data/conformer.py | 469 | INFO | Uni-Mol Tools | Succeeded in generating 3d conformers for 100.00% of molecules.
2026-03-12 00:26:58 | unimol_tools/tasks/trainer.py | 78 | INFO | Uni-Mol Tools | Number of GPUs available: 4
2026-03-12 00:26:58 | unimol_tools/tasks/trainer.py | 98 | INFO | Uni-Mol Tools | Using single GPU.
2026-03-12 00:27:02 | unimol_tools/data/conformer.py | 437 | INFO | Uni-Mol Tools | Start generating conformers...
2026-03-12 00:27:05 | unimol_tools/data/conformer.py | 452 | INFO | Uni-Mol Tools | Succeeded in generating conformers for 100.00% of molecules.
2026-03-12 00:27:05 | unimol_tools/data/conformer.py | 469 | INFO | Uni-Mol Tools | Succeeded in generating 3d conformers for 100.00% of molecules.
2026-03-12 00:27:05 | unimol_tools/tasks/trainer.py | 78 | INFO | Uni-Mol Tools | Number of GPUs available: 4
2026-03-12 00:27:05 | unimol_tools/tasks/trainer.py | 98 | INFO | Uni-Mol Tools | Using single GPU.
2026-03-12 00:27:09 | unimol_tools/data/conformer.py | 437 | INFO | Uni-Mol Tools | Start generating conformers...
2026-03-12 00:27:12 | unimol_tools/data/conformer.py | 452 | INFO | Uni-Mol Tools | Succeeded in generating conformers for 100.00% of molecules.
2026-03-12 00:27:12 | unimol_tools/data/conformer.py | 469 | INFO | Uni-Mol Tools | Succeeded in generating 3d conformers for 100.00% of molecules.
2026-03-12 00:27:13 | unimol_tools/tasks/trainer.py | 78 | INFO | Uni-Mol Tools | Number of GPUs available: 4
2026-03-12 00:27:13 | unimol_tools/tasks/trainer.py | 98 | INFO | Uni-Mol Tools | Using single GPU.
2026-03-12 00:27:16 | unimol_tools/data/conformer.py | 437 | INFO | Uni-Mol Tools | Start generating conformers...
2026-03-12 00:27:20 | unimol_tools/data/conformer.py | 452 | INFO | Uni-Mol Tools | Succeeded in generating conformers for 100.00% of molecules.
2026-03-12 00:27:20 | unimol_tools/data/conformer.py | 469 | INFO | Uni-Mol Tools | Succeeded in generating 3d conformers for 100.00% of molecules.
2026-03-12 00:27:20 | unimol_tools/tasks/trainer.py | 78 | INFO | Uni-Mol Tools | Number of GPUs available: 4
2026-03-12 00:27:20 | unimol_tools/tasks/trainer.py | 98 | INFO | Uni-Mol Tools | Using single GPU.
2026-03-12 00:27:24 | unimol_tools/data/conformer.py | 437 | INFO | Uni-Mol Tools | Start generating conformers...
2026-03-12 00:27:27 | unimol_tools/data/conformer.py | 452 | INFO | Uni-Mol Tools | Succeeded in generating conformers for 100.00% of molecules.
2026-03-12 00:27:27 | unimol_tools/data/conformer.py | 469 | INFO | Uni-Mol Tools | Succeeded in generating 3d conformers for 100.00% of molecules.
2026-03-12 00:27:27 | unimol_tools/tasks/trainer.py | 78 | INFO | Uni-Mol Tools | Number of GPUs available: 4
2026-03-12 00:27:27 | unimol_tools/tasks/trainer.py | 98 | INFO | Uni-Mol Tools | Using single GPU.
2026-03-12 00:27:30 | unimol_tools/data/conformer.py | 437 | INFO | Uni-Mol Tools | Start generating conformers...
2026-03-12 00:27:33 | unimol_tools/data/conformer.py | 452 | INFO | Uni-Mol Tools | Succeeded in generating conformers for 100.00% of molecules.
2026-03-12 00:27:33 | unimol_tools/data/conformer.py | 469 | INFO | Uni-Mol Tools | Succeeded in generating 3d conformers for 100.00% of molecules.
2026-03-12 00:27:34 | unimol_tools/tasks/trainer.py | 78 | INFO | Uni-Mol Tools | Number of GPUs available: 4
2026-03-12 00:27:34 | unimol_tools/tasks/trainer.py | 98 | INFO | Uni-Mol Tools | Using single GPU.
2026-03-12 00:27:37 | unimol_tools/data/conformer.py | 437 | INFO | Uni-Mol Tools | Start generating conformers...
2026-03-12 00:27:40 | unimol_tools/data/conformer.py | 452 | INFO | Uni-Mol Tools | Succeeded in generating conformers for 100.00% of molecules.
2026-03-12 00:27:40 | unimol_tools/data/conformer.py | 469 | INFO | Uni-Mol Tools | Succeeded in generating 3d conformers for 100.00% of molecules.
2026-03-12 00:27:40 | unimol_tools/tasks/trainer.py | 78 | INFO | Uni-Mol Tools | Number of GPUs available: 4
2026-03-12 00:27:40 | unimol_tools/tasks/trainer.py | 98 | INFO | Uni-Mol Tools | Using single GPU.
2026-03-12 00:27:42 | unimol_tools/data/conformer.py | 437 | INFO | Uni-Mol Tools | Start generating conformers...
2026-03-12 00:27:45 | unimol_tools/data/conformer.py | 452 | INFO | Uni-Mol Tools | Succeeded in generating conformers for 100.00% of molecules.
2026-03-12 00:27:45 | unimol_tools/data/conformer.py | 469 | INFO | Uni-Mol Tools | Succeeded in generating 3d conformers for 100.00% of molecules.
2026-03-12 00:27:46 | unimol_tools/tasks/trainer.py | 78 | INFO | Uni-Mol Tools | Number of GPUs available: 4
2026-03-12 00:27:46 | unimol_tools/tasks/trainer.py | 98 | INFO | Uni-Mol Tools | Using single GPU.
2026-03-12 00:27:47 | unimol_tools/data/conformer.py | 437 | INFO | Uni-Mol Tools | Start generating conformers...
2026-03-12 00:27:51 | unimol_tools/data/conformer.py | 452 | INFO | Uni-Mol Tools | Succeeded in generating conformers for 100.00% of molecules.
2026-03-12 00:27:51 | unimol_tools/data/conformer.py | 469 | INFO | Uni-Mol Tools | Succeeded in generating 3d conformers for 100.00% of molecules.
2026-03-12 00:27:51 | unimol_tools/tasks/trainer.py | 78 | INFO | Uni-Mol Tools | Number of GPUs available: 4
2026-03-12 00:27:51 | unimol_tools/tasks/trainer.py | 98 | INFO | Uni-Mol Tools | Using single GPU.
2026-03-12 00:27:54 | unimol_tools/data/conformer.py | 437 | INFO | Uni-Mol Tools | Start generating conformers...
2026-03-12 00:27:57 | unimol_tools/data/conformer.py | 452 | INFO | Uni-Mol Tools | Succeeded in generating conformers for 100.00% of molecules.
2026-03-12 00:27:57 | unimol_tools/data/conformer.py | 469 | INFO | Uni-Mol Tools | Succeeded in generating 3d conformers for 100.00% of molecules.
2026-03-12 00:27:58 | unimol_tools/tasks/trainer.py | 78 | INFO | Uni-Mol Tools | Number of GPUs available: 4
2026-03-12 00:27:58 | unimol_tools/tasks/trainer.py | 98 | INFO | Uni-Mol Tools | Using single GPU.
2026-03-12 00:28:01 | unimol_tools/data/conformer.py | 437 | INFO | Uni-Mol Tools | Start generating conformers...
2026-03-12 00:28:04 | unimol_tools/data/conformer.py | 452 | INFO | Uni-Mol Tools | Succeeded in generating conformers for 100.00% of molecules.
2026-03-12 00:28:04 | unimol_tools/data/conformer.py | 469 | INFO | Uni-Mol Tools | Succeeded in generating 3d conformers for 100.00% of molecules.
2026-03-12 00:28:04 | unimol_tools/tasks/trainer.py | 78 | INFO | Uni-Mol Tools | Number of GPUs available: 4
2026-03-12 00:28:04 | unimol_tools/tasks/trainer.py | 98 | INFO | Uni-Mol Tools | Using single GPU.
2026-03-12 00:28:08 | unimol_tools/data/conformer.py | 437 | INFO | Uni-Mol Tools | Start generating conformers...
2026-03-12 00:28:10 | unimol_tools/data/conformer.py | 452 | INFO | Uni-Mol Tools | Succeeded in generating conformers for 100.00% of molecules.
2026-03-12 00:28:10 | unimol_tools/data/conformer.py | 469 | INFO | Uni-Mol Tools | Succeeded in generating 3d conformers for 100.00% of molecules.
2026-03-12 00:28:11 | unimol_tools/tasks/trainer.py | 78 | INFO | Uni-Mol Tools | Number of GPUs available: 4
2026-03-12 00:28:11 | unimol_tools/tasks/trainer.py | 98 | INFO | Uni-Mol Tools | Using single GPU.
2026-03-12 00:28:14 | unimol_tools/data/conformer.py | 437 | INFO | Uni-Mol Tools | Start generating conformers...
2026-03-12 00:28:17 | unimol_tools/data/conformer.py | 452 | INFO | Uni-Mol Tools | Succeeded in generating conformers for 100.00% of molecules.
2026-03-12 00:28:17 | unimol_tools/data/conformer.py | 469 | INFO | Uni-Mol Tools | Succeeded in generating 3d conformers for 100.00% of molecules.
2026-03-12 00:28:18 | unimol_tools/tasks/trainer.py | 78 | INFO | Uni-Mol Tools | Number of GPUs available: 4
2026-03-12 00:28:18 | unimol_tools/tasks/trainer.py | 98 | INFO | Uni-Mol Tools | Using single GPU.
2026-03-12 00:28:21 | unimol_tools/data/conformer.py | 437 | INFO | Uni-Mol Tools | Start generating conformers...
2026-03-12 00:28:25 | unimol_tools/data/conformer.py | 452 | INFO | Uni-Mol Tools | Succeeded in generating conformers for 100.00% of molecules.
2026-03-12 00:28:25 | unimol_tools/data/conformer.py | 469 | INFO | Uni-Mol Tools | Succeeded in generating 3d conformers for 100.00% of molecules.
2026-03-12 00:28:25 | unimol_tools/tasks/trainer.py | 78 | INFO | Uni-Mol Tools | Number of GPUs available: 4
2026-03-12 00:28:25 | unimol_tools/tasks/trainer.py | 98 | INFO | Uni-Mol Tools | Using single GPU.
2026-03-12 00:28:29 | unimol_tools/data/conformer.py | 437 | INFO | Uni-Mol Tools | Start generating conformers...
2026-03-12 00:28:32 | unimol_tools/data/conformer.py | 452 | INFO | Uni-Mol Tools | Succeeded in generating conformers for 100.00% of molecules.
2026-03-12 00:28:32 | unimol_tools/data/conformer.py | 469 | INFO | Uni-Mol Tools | Succeeded in generating 3d conformers for 100.00% of molecules.
2026-03-12 00:28:32 | unimol_tools/tasks/trainer.py | 78 | INFO | Uni-Mol Tools | Number of GPUs available: 4
2026-03-12 00:28:32 | unimol_tools/tasks/trainer.py | 98 | INFO | Uni-Mol Tools | Using single GPU.
2026-03-12 00:28:35 | unimol_tools/data/conformer.py | 437 | INFO | Uni-Mol Tools | Start generating conformers...
2026-03-12 00:28:38 | unimol_tools/data/conformer.py | 452 | INFO | Uni-Mol Tools | Succeeded in generating conformers for 100.00% of molecules.
2026-03-12 00:28:38 | unimol_tools/data/conformer.py | 469 | INFO | Uni-Mol Tools | Succeeded in generating 3d conformers for 100.00% of molecules.
2026-03-12 00:28:38 | unimol_tools/tasks/trainer.py | 78 | INFO | Uni-Mol Tools | Number of GPUs available: 4
2026-03-12 00:28:38 | unimol_tools/tasks/trainer.py | 98 | INFO | Uni-Mol Tools | Using single GPU.
